[0.136s] Invoking command in '/SDCARD/workspace/audio_demos/build/audio_demos': /usr/local/bin/cmake --build /SDCARD/workspace/audio_demos/build/audio_demos -- -j6 -l6
[0.284s] [ 25%] Built target set_mic
[0.396s] [ 50%] Built target set_waken_words
[0.467s] [35m[1mConsolidate compiler generated dependencies of target set_voice[0m
[0.555s] [ 62%] [32mBuilding CXX object CMakeFiles/set_voice.dir/src/set_voice.cpp.o[0m
[26.424s] [ 75%] [32m[1mLinking CXX executable set_voice[0m
[28.129s] [ 75%] Built target set_voice
[28.177s] [35m[1mConsolidate compiler generated dependencies of target talker[0m
[28.248s] [ 87%] [32mBuilding CXX object CMakeFiles/talker.dir/src/talker.cpp.o[0m
[61.407s] [100%] [32m[1mLinking CXX executable talker[0m
[63.175s] [100%] Built target talker
[63.205s] Invoked command in '/SDCARD/workspace/audio_demos/build/audio_demos' returned '0': /usr/local/bin/cmake --build /SDCARD/workspace/audio_demos/build/audio_demos -- -j6 -l6
[63.342s] Invoking command in '/SDCARD/workspace/audio_demos/build/audio_demos': /usr/local/bin/cmake --install /SDCARD/workspace/audio_demos/build/audio_demos
[63.357s] -- Install configuration: ""
[63.369s] -- Installing: /opt/ros2/cyberdog/lib/audio_demos/talker
[63.413s] -- Set runtime path of "/opt/ros2/cyberdog/lib/audio_demos/talker" to ""
[63.414s] -- Up-to-date: /opt/ros2/cyberdog/lib/audio_demos/set_mic
[63.415s] -- Installing: /opt/ros2/cyberdog/lib/audio_demos/set_voice
[63.444s] -- Set runtime path of "/opt/ros2/cyberdog/lib/audio_demos/set_voice" to ""
[63.448s] -- Up-to-date: /opt/ros2/cyberdog/lib/audio_demos/set_waken_words
[63.451s] -- Up-to-date: /opt/ros2/cyberdog/share/ament_index/resource_index/package_run_dependencies/audio_demos
[63.453s] -- Up-to-date: /opt/ros2/cyberdog/share/ament_index/resource_index/parent_prefix_path/audio_demos
[63.473s] -- Up-to-date: /opt/ros2/cyberdog/share/audio_demos/environment/ament_prefix_path.sh
[63.474s] -- Up-to-date: /opt/ros2/cyberdog/share/audio_demos/environment/ament_prefix_path.dsv
[63.475s] -- Up-to-date: /opt/ros2/cyberdog/share/audio_demos/environment/path.sh
[63.475s] -- Up-to-date: /opt/ros2/cyberdog/share/audio_demos/environment/path.dsv
[63.475s] -- Up-to-date: /opt/ros2/cyberdog/share/audio_demos/local_setup.bash
[63.476s] -- Up-to-date: /opt/ros2/cyberdog/share/audio_demos/local_setup.sh
[63.476s] -- Up-to-date: /opt/ros2/cyberdog/share/audio_demos/local_setup.zsh
[63.479s] -- Up-to-date: /opt/ros2/cyberdog/share/audio_demos/local_setup.dsv
[63.481s] -- Up-to-date: /opt/ros2/cyberdog/share/audio_demos/package.dsv
[63.485s] -- Up-to-date: /opt/ros2/cyberdog/share/ament_index/resource_index/packages/audio_demos
[63.486s] -- Up-to-date: /opt/ros2/cyberdog/share/audio_demos/cmake/ament_cmake_export_include_directories-extras.cmake
[63.487s] -- Up-to-date: /opt/ros2/cyberdog/share/audio_demos/cmake/ament_cmake_export_dependencies-extras.cmake
[63.494s] -- Up-to-date: /opt/ros2/cyberdog/share/audio_demos/cmake/audio_demosConfig.cmake
[63.496s] -- Up-to-date: /opt/ros2/cyberdog/share/audio_demos/cmake/audio_demosConfig-version.cmake
[63.497s] -- Up-to-date: /opt/ros2/cyberdog/share/audio_demos/package.xml
[63.498s] Invoked command in '/SDCARD/workspace/audio_demos/build/audio_demos' returned '0': /usr/local/bin/cmake --install /SDCARD/workspace/audio_demos/build/audio_demos
