Performing C SOURCE FILE Test CMAKE_HAVE_LIBC_PTHREAD failed with the following output:
Change Dir: /SDCARD/workspace/motion_action/build/motion_action/CMakeFiles/CMakeTmp

Run Build Command(s):/usr/bin/make -f Makefile cmTC_e01de/fast && /usr/bin/make  -f CMakeFiles/cmTC_e01de.dir/build.make CMakeFiles/cmTC_e01de.dir/build
make[1]: Entering directory '/SDCARD/workspace/motion_action/build/motion_action/CMakeFiles/CMakeTmp'
Building C object CMakeFiles/cmTC_e01de.dir/src.c.o
/usr/bin/cc -DCMAKE_HAVE_LIBC_PTHREAD  -std=gnu99 -o CMakeFiles/cmTC_e01de.dir/src.c.o -c /SDCARD/workspace/motion_action/build/motion_action/CMakeFiles/CMakeTmp/src.c
Linking C executable cmTC_e01de
/usr/local/bin/cmake -E cmake_link_script CMakeFiles/cmTC_e01de.dir/link.txt --verbose=1
/usr/bin/cc CMakeFiles/cmTC_e01de.dir/src.c.o -o cmTC_e01de 
CMakeFiles/cmTC_e01de.dir/src.c.o: In function `main':
src.c:(.text+0x48): undefined reference to `pthread_create'
src.c:(.text+0x50): undefined reference to `pthread_detach'
src.c:(.text+0x58): undefined reference to `pthread_cancel'
src.c:(.text+0x64): undefined reference to `pthread_join'
src.c:(.text+0x74): undefined reference to `pthread_atfork'
collect2: error: ld returned 1 exit status
CMakeFiles/cmTC_e01de.dir/build.make:98: recipe for target 'cmTC_e01de' failed
make[1]: *** [cmTC_e01de] Error 1
make[1]: Leaving directory '/SDCARD/workspace/motion_action/build/motion_action/CMakeFiles/CMakeTmp'
Makefile:127: recipe for target 'cmTC_e01de/fast' failed
make: *** [cmTC_e01de/fast] Error 2


Source file was:
#include <pthread.h>

static void* test_func(void* data)
{
  return data;
}

int main(void)
{
  pthread_t thread;
  pthread_create(&thread, NULL, test_func, NULL);
  pthread_detach(thread);
  pthread_cancel(thread);
  pthread_join(thread, NULL);
  pthread_atfork(NULL, NULL, NULL);
  pthread_exit(NULL);

  return 0;
}

Determining if the function pthread_create exists in the pthreads failed with the following output:
Change Dir: /SDCARD/workspace/motion_action/build/motion_action/CMakeFiles/CMakeTmp

Run Build Command(s):/usr/bin/make -f Makefile cmTC_399ce/fast && /usr/bin/make  -f CMakeFiles/cmTC_399ce.dir/build.make CMakeFiles/cmTC_399ce.dir/build
make[1]: Entering directory '/SDCARD/workspace/motion_action/build/motion_action/CMakeFiles/CMakeTmp'
Building C object CMakeFiles/cmTC_399ce.dir/CheckFunctionExists.c.o
/usr/bin/cc   -DCHECK_FUNCTION_EXISTS=pthread_create -std=gnu99 -o CMakeFiles/cmTC_399ce.dir/CheckFunctionExists.c.o -c /usr/local/share/cmake-3.20/Modules/CheckFunctionExists.c
Linking C executable cmTC_399ce
/usr/local/bin/cmake -E cmake_link_script CMakeFiles/cmTC_399ce.dir/link.txt --verbose=1
/usr/bin/cc  -DCHECK_FUNCTION_EXISTS=pthread_create CMakeFiles/cmTC_399ce.dir/CheckFunctionExists.c.o -o cmTC_399ce  -lpthreads 
/usr/bin/ld: cannot find -lpthreads
collect2: error: ld returned 1 exit status
CMakeFiles/cmTC_399ce.dir/build.make:98: recipe for target 'cmTC_399ce' failed
make[1]: *** [cmTC_399ce] Error 1
make[1]: Leaving directory '/SDCARD/workspace/motion_action/build/motion_action/CMakeFiles/CMakeTmp'
Makefile:127: recipe for target 'cmTC_399ce/fast' failed
make: *** [cmTC_399ce/fast] Error 2



