[0.127s] Invoking command in '/SDCARD/workspace/audio_demos/build/audio_demos': /usr/local/bin/cmake --build /SDCARD/workspace/audio_demos/build/audio_demos -- -j6 -l6
[0.206s] [35m[1mConsolidate compiler generated dependencies of target set_mic[0m
[0.264s] [ 25%] Built target set_mic
[0.286s] [35m[1mConsolidate compiler generated dependencies of target set_waken_words[0m
[0.348s] [ 50%] Built target set_waken_words
[0.370s] [35m[1mConsolidate compiler generated dependencies of target set_voice[0m
[0.426s] [ 75%] Built target set_voice
[0.449s] [35m[1mConsolidate compiler generated dependencies of target talker[0m
[0.505s] [100%] Built target talker
[0.528s] Invoked command in '/SDCARD/workspace/audio_demos/build/audio_demos' returned '0': /usr/local/bin/cmake --build /SDCARD/workspace/audio_demos/build/audio_demos -- -j6 -l6
[0.675s] Invoking command in '/SDCARD/workspace/audio_demos/build/audio_demos': /usr/local/bin/cmake --install /SDCARD/workspace/audio_demos/build/audio_demos
[0.682s] -- Install configuration: ""
[0.683s] -- Up-to-date: /opt/ros2/cyberdog/lib/audio_demos/talker
[0.685s] -- Up-to-date: /opt/ros2/cyberdog/lib/audio_demos/set_mic
[0.686s] -- Up-to-date: /opt/ros2/cyberdog/lib/audio_demos/set_voice
[0.688s] -- Up-to-date: /opt/ros2/cyberdog/lib/audio_demos/set_waken_words
[0.689s] -- Up-to-date: /opt/ros2/cyberdog/share/ament_index/resource_index/package_run_dependencies/audio_demos
[0.690s] -- Up-to-date: /opt/ros2/cyberdog/share/ament_index/resource_index/parent_prefix_path/audio_demos
[0.691s] -- Up-to-date: /opt/ros2/cyberdog/share/audio_demos/environment/ament_prefix_path.sh
[0.692s] -- Up-to-date: /opt/ros2/cyberdog/share/audio_demos/environment/ament_prefix_path.dsv
[0.692s] -- Up-to-date: /opt/ros2/cyberdog/share/audio_demos/environment/path.sh
[0.693s] -- Up-to-date: /opt/ros2/cyberdog/share/audio_demos/environment/path.dsv
[0.694s] -- Up-to-date: /opt/ros2/cyberdog/share/audio_demos/local_setup.bash
[0.694s] -- Up-to-date: /opt/ros2/cyberdog/share/audio_demos/local_setup.sh
[0.695s] -- Up-to-date: /opt/ros2/cyberdog/share/audio_demos/local_setup.zsh
[0.695s] -- Up-to-date: /opt/ros2/cyberdog/share/audio_demos/local_setup.dsv
[0.696s] -- Installing: /opt/ros2/cyberdog/share/audio_demos/package.dsv
[0.704s] -- Up-to-date: /opt/ros2/cyberdog/share/ament_index/resource_index/packages/audio_demos
[0.715s] -- Up-to-date: /opt/ros2/cyberdog/share/audio_demos/cmake/ament_cmake_export_include_directories-extras.cmake
[0.722s] -- Up-to-date: /opt/ros2/cyberdog/share/audio_demos/cmake/ament_cmake_export_dependencies-extras.cmake
[0.724s] -- Up-to-date: /opt/ros2/cyberdog/share/audio_demos/cmake/audio_demosConfig.cmake
[0.725s] -- Up-to-date: /opt/ros2/cyberdog/share/audio_demos/cmake/audio_demosConfig-version.cmake
[0.726s] -- Up-to-date: /opt/ros2/cyberdog/share/audio_demos/package.xml
[0.730s] Invoked command in '/SDCARD/workspace/audio_demos/build/audio_demos' returned '0': /usr/local/bin/cmake --install /SDCARD/workspace/audio_demos/build/audio_demos
