[0.108s] Invoking command in '/SDCARD/workspace/talk_something/build/talk_something': /usr/local/bin/cmake /SDCARD/workspace/talk_something -DCMAKE_INSTALL_PREFIX=/SDCARD/workspace/talk_something/install/talk_something
[0.332s] -- The C compiler identification is GNU 7.5.0
[0.586s] -- The CXX compiler identification is GNU 7.5.0
[0.625s] -- Detecting C compiler ABI info
[0.863s] -- Detecting C compiler ABI info - done
[0.907s] -- Check for working C compiler: /usr/bin/cc - skipped
[0.908s] -- Detecting C compile features
[0.910s] -- Detecting C compile features - done
[0.929s] -- Detecting CXX compiler ABI info
[1.201s] -- Detecting CXX compiler ABI info - done
[1.252s] -- Check for working CXX compiler: /usr/bin/c++ - skipped
[1.253s] -- Detecting CXX compile features
[1.254s] -- Detecting CXX compile features - done
[1.269s] -- Found ament_cmake: 1.1.4 (/opt/ros2/galactic/share/ament_cmake/cmake)
[1.402s] -- Found PythonInterp: /usr/bin/python3 (found suitable version "3.6.9", minimum required is "3") 
[1.402s] -- Using PYTHON_EXECUTABLE: /usr/bin/python3
[1.969s] -- Found ament_index_cpp: 1.2.0 (/opt/ros2/galactic/share/ament_index_cpp/cmake)
[1.987s] -- Found rclcpp: 9.1.0 (/opt/ros2/galactic/share/rclcpp/cmake)
[2.191s] -- Using all available rosidl_typesupport_c: rosidl_typesupport_fastrtps_c;rosidl_typesupport_introspection_c
[2.225s] -- Found rosidl_adapter: 2.2.1 (/opt/ros2/galactic/share/rosidl_adapter/cmake)
[2.541s] -- Found OpenSSL: /usr/lib/aarch64-linux-gnu/libcrypto.so (found version "1.1.1")  
[2.614s] -- Found FastRTPS: /opt/ros2/galactic/include  
[2.920s] -- Using all available rosidl_typesupport_cpp: rosidl_typesupport_fastrtps_cpp;rosidl_typesupport_introspection_cpp
[3.164s] -- Found rmw_implementation_cmake: 3.3.1 (/opt/ros2/galactic/share/rmw_implementation_cmake/cmake)
[3.175s] -- Found rmw_cyclonedds_cpp: 0.22.3 (/opt/ros2/galactic/share/rmw_cyclonedds_cpp/cmake)
[3.254s] -- Using RMW implementation 'rmw_cyclonedds_cpp' as default
[3.259s] -- Looking for pthread.h
[3.522s] -- Looking for pthread.h - found
[3.524s] -- Performing Test CMAKE_HAVE_LIBC_PTHREAD
[3.791s] -- Performing Test CMAKE_HAVE_LIBC_PTHREAD - Failed
[3.792s] -- Looking for pthread_create in pthreads
[4.009s] -- Looking for pthread_create in pthreads - not found
[4.011s] -- Looking for pthread_create in pthread
[4.258s] -- Looking for pthread_create in pthread - found
[4.263s] -- Found Threads: TRUE  
[4.823s] -- Found rclcpp_components: 9.1.0 (/opt/ros2/galactic/share/rclcpp_components/cmake)
[5.033s] -- Found std_srvs: 2.2.3 (/opt/ros2/galactic/share/std_srvs/cmake)
[5.070s] -- Found protocol: 1.0.0 (/opt/ros2/cyberdog/share/protocol/cmake)
[6.487s] -- Found ament_lint_auto: 0.10.6 (/opt/ros2/galactic/share/ament_lint_auto/cmake)
[7.277s] -- Added test 'copyright' to check source files copyright and LICENSE
[7.299s] -- Added test 'cppcheck' to perform static code analysis on C / C++ code
[7.300s] -- Configured cppcheck include dirs: /SDCARD/workspace/talk_something/include
[7.301s] -- Configured cppcheck exclude dirs and/or files: 
[7.317s] -- Added test 'cpplint' to check C / C++ code against the Google style
[7.317s] -- Configured cpplint exclude dirs and/or files: 
[7.326s] -- Added test 'lint_cmake' to check CMake code style
[7.345s] -- Added test 'uncrustify' to check C / C++ code style
[7.346s] -- Configured uncrustify additional arguments: 
[7.351s] -- Added test 'xmllint' to check XML markup files
[7.366s] -- Configuring done
[7.378s] CMake Error at CMakeLists.txt:27 (add_executable):
[7.379s]   Cannot find source file:
[7.379s] 
[7.379s]     src/talker.cpp
[7.380s] 
[7.380s]   Tried extensions .c .C .c++ .cc .cpp .cxx .cu .mpp .m .M .mm .h .hh .h++
[7.381s]   .hm .hpp .hxx .in .txx .f .F .for .f77 .f90 .f95 .f03 .ispc
[7.381s] 
[7.381s] 
[7.386s] CMake Error at CMakeLists.txt:27 (add_executable):
[7.387s]   No SOURCES given to target: talks_node
[7.387s] 
[7.393s] 
[7.394s] CMake Generate step failed.  Build files cannot be regenerated correctly.
[7.429s] Invoked command in '/SDCARD/workspace/talk_something/build/talk_something' returned '1': /usr/local/bin/cmake /SDCARD/workspace/talk_something -DCMAKE_INSTALL_PREFIX=/SDCARD/workspace/talk_something/install/talk_something
