[0.136s] Invoking command in '/SDCARD/workspace/motion_action/build/motion_action': /usr/local/bin/cmake /SDCARD/workspace/motion_action -DCMAKE_INSTALL_PREFIX=/SDCARD/workspace/motion_action/install/motion_action
[0.594s] -- The C compiler identification is GNU 7.5.0
[1.000s] -- The CXX compiler identification is GNU 7.5.0
[1.065s] -- Detecting C compiler ABI info
[1.332s] -- Detecting C compiler ABI info - done
[1.399s] -- Check for working C compiler: /usr/bin/cc - skipped
[1.404s] -- Detecting C compile features
[1.405s] -- Detecting C compile features - done
[1.430s] -- Detecting CXX compiler ABI info
[1.798s] -- Detecting CXX compiler ABI info - done
[1.879s] -- Check for working CXX compiler: /usr/bin/c++ - skipped
[1.880s] -- Detecting CXX compile features
[1.885s] -- Detecting CXX compile features - done
[1.902s] -- Found ament_cmake: 1.1.4 (/opt/ros2/galactic/share/ament_cmake/cmake)
[2.093s] -- Found PythonInterp: /usr/bin/python3 (found suitable version "3.6.9", minimum required is "3") 
[2.093s] -- Using PYTHON_EXECUTABLE: /usr/bin/python3
[2.787s] -- Found rclcpp: 9.1.0 (/opt/ros2/galactic/share/rclcpp/cmake)
[3.107s] -- Using all available rosidl_typesupport_c: rosidl_typesupport_fastrtps_c;rosidl_typesupport_introspection_c
[3.156s] -- Found rosidl_adapter: 2.2.1 (/opt/ros2/galactic/share/rosidl_adapter/cmake)
[3.566s] -- Found OpenSSL: /usr/lib/aarch64-linux-gnu/libcrypto.so (found version "1.1.1")  
[3.666s] -- Found FastRTPS: /opt/ros2/galactic/include  
[4.087s] -- Using all available rosidl_typesupport_cpp: rosidl_typesupport_fastrtps_cpp;rosidl_typesupport_introspection_cpp
[4.483s] -- Found rmw_implementation_cmake: 3.3.1 (/opt/ros2/galactic/share/rmw_implementation_cmake/cmake)
[4.501s] -- Found rmw_cyclonedds_cpp: 0.22.3 (/opt/ros2/galactic/share/rmw_cyclonedds_cpp/cmake)
[4.618s] -- Using RMW implementation 'rmw_cyclonedds_cpp' as default
[4.630s] -- Looking for pthread.h
[4.932s] -- Looking for pthread.h - found
[4.935s] -- Performing Test CMAKE_HAVE_LIBC_PTHREAD
[5.235s] -- Performing Test CMAKE_HAVE_LIBC_PTHREAD - Failed
[5.236s] -- Looking for pthread_create in pthreads
[5.460s] -- Looking for pthread_create in pthreads - not found
[5.461s] -- Looking for pthread_create in pthread
[5.763s] -- Looking for pthread_create in pthread - found
[5.774s] -- Found Threads: TRUE  
[6.553s] -- Found rclpy: 1.9.0 (/opt/ros2/galactic/share/rclpy/cmake)
[6.557s] -- Found protocol: 1.0.0 (/opt/ros2/cyberdog/share/protocol/cmake)
[8.250s] -- Found cyberdog_system: 0.0.0 (/opt/ros2/cyberdog/share/cyberdog_system/cmake)
[8.261s] -- Found cyberdog_debug: 0.0.0 (/opt/ros2/cyberdog/share/cyberdog_debug/cmake)
[8.271s] -- Found cyberdog_common: 0.0.0 (/opt/ros2/cyberdog/share/cyberdog_common/cmake)
[8.402s] -- Found skin_manager: 0.0.0 (/opt/ros2/cyberdog/share/skin_manager/cmake)
[9.387s] -- Found ament_lint_auto: 0.10.6 (/opt/ros2/galactic/share/ament_lint_auto/cmake)
[10.258s] -- Added test 'copyright' to check source files copyright and LICENSE
[10.288s] -- Added test 'cppcheck' to perform static code analysis on C / C++ code
[10.290s] -- Configured cppcheck include dirs: /SDCARD/workspace/motion_action/include
[10.291s] -- Configured cppcheck exclude dirs and/or files: 
[10.318s] -- Added test 'cpplint' to check C / C++ code against the Google style
[10.319s] -- Configured cpplint exclude dirs and/or files: 
[10.328s] -- Added test 'flake8' to check Python code syntax and style conventions
[10.336s] -- Added test 'lint_cmake' to check CMake code style
[10.347s] -- Added test 'pep257' to check Python code against some of the style conventions in PEP 257
[10.383s] -- Added test 'uncrustify' to check C / C++ code style
[10.383s] -- Configured uncrustify additional arguments: 
[10.390s] -- Added test 'xmllint' to check XML markup files
[10.408s] -- Configuring done
[10.554s] -- Generating done
[10.578s] -- Build files have been written to: /SDCARD/workspace/motion_action/build/motion_action
[10.643s] Invoked command in '/SDCARD/workspace/motion_action/build/motion_action' returned '0': /usr/local/bin/cmake /SDCARD/workspace/motion_action -DCMAKE_INSTALL_PREFIX=/SDCARD/workspace/motion_action/install/motion_action
[10.658s] Invoking command in '/SDCARD/workspace/motion_action/build/motion_action': /usr/local/bin/cmake --build /SDCARD/workspace/motion_action/build/motion_action -- -j6 -l6
[10.861s] [  0%] Built target ament_cmake_python_symlink_motion_action
[10.930s] [ 12%] [32mBuilding CXX object CMakeFiles/motion_action.dir/src/motion_action.cpp.o[0m
[62.742s] [ 25%] [32m[1mLinking CXX shared library libmotion_action.so[0m
[65.019s] [ 25%] Built target motion_action
[66.586s] running egg_info
[66.589s] creating motion_action.egg-info
[66.590s] writing motion_action.egg-info/PKG-INFO
[66.591s] writing dependency_links to motion_action.egg-info/dependency_links.txt
[66.592s] writing top-level names to motion_action.egg-info/top_level.txt
[66.603s] writing manifest file 'motion_action.egg-info/SOURCES.txt'
[66.616s] reading manifest file 'motion_action.egg-info/SOURCES.txt'
[66.619s] writing manifest file 'motion_action.egg-info/SOURCES.txt'
[66.726s] [ 25%] Built target ament_cmake_python_build_motion_action_egg
[66.772s] [ 37%] [32mBuilding CXX object CMakeFiles/client_test.dir/test/client_test.cpp.o[0m
[110.787s] [ 50%] [32m[1mLinking CXX executable client_test[0m
[112.868s] [ 50%] Built target client_test
[112.916s] [ 62%] [32mBuilding CXX object CMakeFiles/publisher_test.dir/test/publisher_test.cpp.o[0m
[158.498s] [ 75%] [32m[1mLinking CXX executable publisher_test[0m
[160.825s] [ 75%] Built target publisher_test
[160.871s] [ 87%] [32mBuilding CXX object CMakeFiles/controller_test.dir/test/controller_test.cpp.o[0m
[184.675s] [100%] [32m[1mLinking CXX executable controller_test[0m
[186.014s] [100%] Built target controller_test
[186.042s] Invoked command in '/SDCARD/workspace/motion_action/build/motion_action' returned '0': /usr/local/bin/cmake --build /SDCARD/workspace/motion_action/build/motion_action -- -j6 -l6
[186.187s] Invoking command in '/SDCARD/workspace/motion_action/build/motion_action': /usr/local/bin/cmake --install /SDCARD/workspace/motion_action/build/motion_action
[186.205s] -- Install configuration: ""
[186.206s] -- Installing: /SDCARD/workspace/motion_action/install/motion_action/include
[186.206s] -- Installing: /SDCARD/workspace/motion_action/install/motion_action/include/motion_action
[186.207s] -- Installing: /SDCARD/workspace/motion_action/install/motion_action/include/motion_action/motion_action.hpp
[186.208s] -- Installing: /SDCARD/workspace/motion_action/install/motion_action/include/motion_action/motion_macros.hpp
[186.208s] -- Installing: /SDCARD/workspace/motion_action/install/motion_action/share/motion_action/launch
[186.209s] -- Installing: /SDCARD/workspace/motion_action/install/motion_action/share/motion_action/launch/test_as_manager.launch
[186.209s] -- Installing: /SDCARD/workspace/motion_action/install/motion_action/share/motion_action/launch/test_as_manager.py
[186.210s] -- Installing: /SDCARD/workspace/motion_action/install/motion_action/share/motion_action/launch/AMENT_IGNORE
[186.211s] -- Installing: /SDCARD/workspace/motion_action/install/motion_action/share/motion_action/preset
[186.212s] -- Installing: /SDCARD/workspace/motion_action/install/motion_action/share/motion_action/preset/179.toml
[186.212s] -- Installing: /SDCARD/workspace/motion_action/install/motion_action/share/motion_action/preset/0.toml
[186.213s] -- Installing: /SDCARD/workspace/motion_action/install/motion_action/share/motion_action/preset/173.toml
[186.214s] -- Installing: /SDCARD/workspace/motion_action/install/motion_action/share/motion_action/preset/301.toml
[186.215s] -- Installing: /SDCARD/workspace/motion_action/install/motion_action/share/motion_action/preset/156.toml
[186.216s] -- Installing: /SDCARD/workspace/motion_action/install/motion_action/share/motion_action/preset/154.toml
[186.217s] -- Installing: /SDCARD/workspace/motion_action/install/motion_action/share/motion_action/preset/164.toml
[186.217s] -- Installing: /SDCARD/workspace/motion_action/install/motion_action/share/motion_action/preset/169.toml
[186.218s] -- Installing: /SDCARD/workspace/motion_action/install/motion_action/share/motion_action/preset/129.toml
[186.219s] -- Installing: /SDCARD/workspace/motion_action/install/motion_action/share/motion_action/preset/134.toml
[186.220s] -- Installing: /SDCARD/workspace/motion_action/install/motion_action/share/motion_action/preset/163.toml
[186.220s] -- Installing: /SDCARD/workspace/motion_action/install/motion_action/share/motion_action/preset/122.toml
[186.221s] -- Installing: /SDCARD/workspace/motion_action/install/motion_action/share/motion_action/preset/400.toml
[186.221s] -- Installing: /SDCARD/workspace/motion_action/install/motion_action/share/motion_action/preset/121.toml
[186.221s] -- Installing: /SDCARD/workspace/motion_action/install/motion_action/share/motion_action/preset/158.toml
[186.222s] -- Installing: /SDCARD/workspace/motion_action/install/motion_action/share/motion_action/preset/131.toml
[186.223s] -- Installing: /SDCARD/workspace/motion_action/install/motion_action/share/motion_action/preset/137.toml
[186.224s] -- Installing: /SDCARD/workspace/motion_action/install/motion_action/share/motion_action/preset/160.toml
[186.224s] -- Installing: /SDCARD/workspace/motion_action/install/motion_action/share/motion_action/preset/124.toml
[186.225s] -- Installing: /SDCARD/workspace/motion_action/install/motion_action/share/motion_action/preset/141.toml
[186.225s] -- Installing: /SDCARD/workspace/motion_action/install/motion_action/share/motion_action/preset/130.toml
[186.226s] -- Installing: /SDCARD/workspace/motion_action/install/motion_action/share/motion_action/preset/144.toml
[186.226s] -- Installing: /SDCARD/workspace/motion_action/install/motion_action/share/motion_action/preset/303.toml
[186.227s] -- Installing: /SDCARD/workspace/motion_action/install/motion_action/share/motion_action/preset/302.toml
[186.227s] -- Installing: /SDCARD/workspace/motion_action/install/motion_action/share/motion_action/preset/142.toml
[186.228s] -- Installing: /SDCARD/workspace/motion_action/install/motion_action/share/motion_action/preset/150.toml
[186.229s] -- Installing: /SDCARD/workspace/motion_action/install/motion_action/share/motion_action/preset/180.toml
[186.230s] -- Installing: /SDCARD/workspace/motion_action/install/motion_action/share/motion_action/preset/133.toml
[186.230s] -- Installing: /SDCARD/workspace/motion_action/install/motion_action/share/motion_action/preset/146.toml
[186.231s] -- Installing: /SDCARD/workspace/motion_action/install/motion_action/share/motion_action/preset/176.toml
[186.231s] -- Installing: /SDCARD/workspace/motion_action/install/motion_action/share/motion_action/preset/125.toml
[186.232s] -- Installing: /SDCARD/workspace/motion_action/install/motion_action/share/motion_action/preset/elec_skin.toml
[186.232s] -- Installing: /SDCARD/workspace/motion_action/install/motion_action/share/motion_action/preset/211.toml
[186.233s] -- Installing: /SDCARD/workspace/motion_action/install/motion_action/share/motion_action/preset/171.toml
[186.234s] -- Installing: /SDCARD/workspace/motion_action/install/motion_action/share/motion_action/preset/157.toml
[186.235s] -- Installing: /SDCARD/workspace/motion_action/install/motion_action/share/motion_action/preset/132.toml
[186.235s] -- Installing: /SDCARD/workspace/motion_action/install/motion_action/share/motion_action/preset/135.toml
[186.236s] -- Installing: /SDCARD/workspace/motion_action/install/motion_action/share/motion_action/preset/153.toml
[186.236s] -- Installing: /SDCARD/workspace/motion_action/install/motion_action/share/motion_action/preset/152.toml
[186.237s] -- Installing: /SDCARD/workspace/motion_action/install/motion_action/share/motion_action/preset/170.toml
[186.237s] -- Installing: /SDCARD/workspace/motion_action/install/motion_action/share/motion_action/preset/167.toml
[186.238s] -- Installing: /SDCARD/workspace/motion_action/install/motion_action/share/motion_action/preset/138.toml
[186.239s] -- Installing: /SDCARD/workspace/motion_action/install/motion_action/share/motion_action/preset/177.toml
[186.240s] -- Installing: /SDCARD/workspace/motion_action/install/motion_action/share/motion_action/preset/147.toml
[186.240s] -- Installing: /SDCARD/workspace/motion_action/install/motion_action/share/motion_action/preset/140.toml
[186.241s] -- Installing: /SDCARD/workspace/motion_action/install/motion_action/share/motion_action/preset/148.toml
[186.241s] -- Installing: /SDCARD/workspace/motion_action/install/motion_action/share/motion_action/preset/181.toml
[186.242s] -- Installing: /SDCARD/workspace/motion_action/install/motion_action/share/motion_action/preset/159.toml
[186.243s] -- Installing: /SDCARD/workspace/motion_action/install/motion_action/share/motion_action/preset/149.toml
[186.243s] -- Installing: /SDCARD/workspace/motion_action/install/motion_action/share/motion_action/preset/123.toml
[186.244s] -- Installing: /SDCARD/workspace/motion_action/install/motion_action/share/motion_action/preset/127.toml
[186.244s] -- Installing: /SDCARD/workspace/motion_action/install/motion_action/share/motion_action/preset/165.toml
[186.245s] -- Installing: /SDCARD/workspace/motion_action/install/motion_action/share/motion_action/preset/motion_id_map.toml
[186.245s] -- Installing: /SDCARD/workspace/motion_action/install/motion_action/share/motion_action/preset/174.toml
[186.245s] -- Installing: /SDCARD/workspace/motion_action/install/motion_action/share/motion_action/preset/162.toml
[186.246s] -- Installing: /SDCARD/workspace/motion_action/install/motion_action/share/motion_action/preset/175.toml
[186.246s] -- Installing: /SDCARD/workspace/motion_action/install/motion_action/share/motion_action/preset/166.toml
[186.247s] -- Installing: /SDCARD/workspace/motion_action/install/motion_action/share/motion_action/preset/305.toml
[186.247s] -- Installing: /SDCARD/workspace/motion_action/install/motion_action/share/motion_action/preset/user_gait_400.toml
[186.247s] -- Installing: /SDCARD/workspace/motion_action/install/motion_action/share/motion_action/preset/151.toml
[186.248s] -- Installing: /SDCARD/workspace/motion_action/install/motion_action/share/motion_action/preset/111.toml
[186.248s] -- Installing: /SDCARD/workspace/motion_action/install/motion_action/share/motion_action/preset/102.toml
[186.249s] -- Installing: /SDCARD/workspace/motion_action/install/motion_action/share/motion_action/preset/143.toml
[186.249s] -- Installing: /SDCARD/workspace/motion_action/install/motion_action/share/motion_action/preset/168.toml
[186.250s] -- Installing: /SDCARD/workspace/motion_action/install/motion_action/share/motion_action/preset/136.toml
[186.250s] -- Installing: /SDCARD/workspace/motion_action/install/motion_action/share/motion_action/preset/155.toml
[186.251s] -- Installing: /SDCARD/workspace/motion_action/install/motion_action/share/motion_action/preset/201.toml
[186.252s] -- Installing: /SDCARD/workspace/motion_action/install/motion_action/share/motion_action/preset/145.toml
[186.252s] -- Installing: /SDCARD/workspace/motion_action/install/motion_action/share/motion_action/preset/212.toml
[186.253s] -- Installing: /SDCARD/workspace/motion_action/install/motion_action/share/motion_action/preset/178.toml
[186.253s] -- Installing: /SDCARD/workspace/motion_action/install/motion_action/share/motion_action/preset/101.toml
[186.253s] -- Installing: /SDCARD/workspace/motion_action/install/motion_action/share/motion_action/preset/128.toml
[186.254s] -- Installing: /SDCARD/workspace/motion_action/install/motion_action/share/motion_action/preset/126.toml
[186.254s] -- Installing: /SDCARD/workspace/motion_action/install/motion_action/share/motion_action/preset/161.toml
[186.255s] -- Installing: /SDCARD/workspace/motion_action/install/motion_action/share/motion_action/preset/172.toml
[186.255s] -- Installing: /SDCARD/workspace/motion_action/install/motion_action/share/motion_action/preset/202.toml
[186.255s] -- Installing: /SDCARD/workspace/motion_action/install/motion_action/lib/libmotion_action.so
[186.288s] -- Set runtime path of "/SDCARD/workspace/motion_action/install/motion_action/lib/libmotion_action.so" to ""
[186.289s] -- Installing: /SDCARD/workspace/motion_action/install/motion_action/lib/motion_action/controller_test
[186.301s] -- Set runtime path of "/SDCARD/workspace/motion_action/install/motion_action/lib/motion_action/controller_test" to ""
[186.301s] -- Installing: /SDCARD/workspace/motion_action/install/motion_action/lib/motion_action/publisher_test
[186.348s] -- Set runtime path of "/SDCARD/workspace/motion_action/install/motion_action/lib/motion_action/publisher_test" to ""
[186.349s] -- Installing: /SDCARD/workspace/motion_action/install/motion_action/lib/motion_action/client_test
[186.388s] -- Set runtime path of "/SDCARD/workspace/motion_action/install/motion_action/lib/motion_action/client_test" to ""
[186.389s] -- Installing: /SDCARD/workspace/motion_action/install/motion_action/share/motion_action/environment/pythonpath.sh
[186.389s] -- Installing: /SDCARD/workspace/motion_action/install/motion_action/share/motion_action/environment/pythonpath.dsv
[186.390s] -- Installing: /SDCARD/workspace/motion_action/install/motion_action/lib/python3.6/site-packages//motion_action.egg-info
[186.391s] -- Installing: /SDCARD/workspace/motion_action/install/motion_action/lib/python3.6/site-packages//motion_action.egg-info/SOURCES.txt
[186.392s] -- Installing: /SDCARD/workspace/motion_action/install/motion_action/lib/python3.6/site-packages//motion_action.egg-info/dependency_links.txt
[186.393s] -- Installing: /SDCARD/workspace/motion_action/install/motion_action/lib/python3.6/site-packages//motion_action.egg-info/top_level.txt
[186.393s] -- Installing: /SDCARD/workspace/motion_action/install/motion_action/lib/python3.6/site-packages//motion_action.egg-info/PKG-INFO
[186.394s] -- Installing: /SDCARD/workspace/motion_action/install/motion_action/lib/python3.6/site-packages/motion_action
[186.401s] -- Installing: /SDCARD/workspace/motion_action/install/motion_action/lib/python3.6/site-packages/motion_action/__init__.py
[186.553s] Listing '/SDCARD/workspace/motion_action/install/motion_action/lib/python3.6/site-packages/motion_action'...
[186.553s] Compiling '/SDCARD/workspace/motion_action/install/motion_action/lib/python3.6/site-packages/motion_action/__init__.py'...
[186.573s] -- Installing: /SDCARD/workspace/motion_action/install/motion_action/lib/motion_action/motion_teleop.py
[186.579s] -- Installing: /SDCARD/workspace/motion_action/install/motion_action/lib/motion_action/pose_teleop.py
[186.580s] -- Installing: /SDCARD/workspace/motion_action/install/motion_action/lib/motion_action/statistics.py
[186.580s] -- Installing: /SDCARD/workspace/motion_action/install/motion_action/lib/motion_action/motion_units.py
[186.581s] -- Installing: /SDCARD/workspace/motion_action/install/motion_action/lib/motion_action/motion_demo.py
[186.581s] -- Installing: /SDCARD/workspace/motion_action/install/motion_action/share/motion_action/environment/library_path.sh
[186.582s] -- Installing: /SDCARD/workspace/motion_action/install/motion_action/share/motion_action/environment/library_path.dsv
[186.583s] -- Installing: /SDCARD/workspace/motion_action/install/motion_action/share/ament_index/resource_index/package_run_dependencies/motion_action
[186.584s] -- Installing: /SDCARD/workspace/motion_action/install/motion_action/share/ament_index/resource_index/parent_prefix_path/motion_action
[186.584s] -- Installing: /SDCARD/workspace/motion_action/install/motion_action/share/motion_action/environment/ament_prefix_path.sh
[186.585s] -- Installing: /SDCARD/workspace/motion_action/install/motion_action/share/motion_action/environment/ament_prefix_path.dsv
[186.585s] -- Installing: /SDCARD/workspace/motion_action/install/motion_action/share/motion_action/environment/path.sh
[186.586s] -- Installing: /SDCARD/workspace/motion_action/install/motion_action/share/motion_action/environment/path.dsv
[186.587s] -- Installing: /SDCARD/workspace/motion_action/install/motion_action/share/motion_action/local_setup.bash
[186.588s] -- Installing: /SDCARD/workspace/motion_action/install/motion_action/share/motion_action/local_setup.sh
[186.588s] -- Installing: /SDCARD/workspace/motion_action/install/motion_action/share/motion_action/local_setup.zsh
[186.589s] -- Installing: /SDCARD/workspace/motion_action/install/motion_action/share/motion_action/local_setup.dsv
[186.590s] -- Installing: /SDCARD/workspace/motion_action/install/motion_action/share/motion_action/package.dsv
[186.591s] -- Installing: /SDCARD/workspace/motion_action/install/motion_action/share/ament_index/resource_index/packages/motion_action
[186.592s] -- Installing: /SDCARD/workspace/motion_action/install/motion_action/share/motion_action/cmake/ament_cmake_export_include_directories-extras.cmake
[186.593s] -- Installing: /SDCARD/workspace/motion_action/install/motion_action/share/motion_action/cmake/ament_cmake_export_libraries-extras.cmake
[186.594s] -- Installing: /SDCARD/workspace/motion_action/install/motion_action/share/motion_action/cmake/ament_cmake_export_dependencies-extras.cmake
[186.594s] -- Installing: /SDCARD/workspace/motion_action/install/motion_action/share/motion_action/cmake/motion_actionConfig.cmake
[186.595s] -- Installing: /SDCARD/workspace/motion_action/install/motion_action/share/motion_action/cmake/motion_actionConfig-version.cmake
[186.596s] -- Installing: /SDCARD/workspace/motion_action/install/motion_action/share/motion_action/package.xml
[186.612s] Invoked command in '/SDCARD/workspace/motion_action/build/motion_action' returned '0': /usr/local/bin/cmake --install /SDCARD/workspace/motion_action/build/motion_action
