[35m[1mConsolidate compiler generated dependencies of target talks_node[0m
[ 50%] [32mBuilding CXX object CMakeFiles/talks_node.dir/src/talkers.cpp.o[0m
[01m[K/SDCARD/workspace/talk_something/src/talkers.cpp:[m[K In member function ‘[01m[Kvoid talkersNode::talk_topic(bool, std::__cxx11::string)[m[K’:
[01m[K/SDCARD/workspace/talk_something/src/talkers.cpp:24:26:[m[K [01;35m[Kwarning: [m[Kunused parameter ‘[01m[Konline[m[K’ [[01;35m[K-Wunused-parameter[m[K]
     void talk_topic(bool [01;35m[Konline[m[K,std::__cxx11::string strs)
                          [01;35m[K^~~~~~[m[K
[100%] [32m[1mLinking CXX executable talks_node[0m
[100%] Built target talks_node
-- Install configuration: ""
-- Installing: /SDCARD/workspace/talk_something/install/talk_something/lib/talk_something/talks_node
-- Set runtime path of "/SDCARD/workspace/talk_something/install/talk_something/lib/talk_something/talks_node" to ""
-- Up-to-date: /SDCARD/workspace/talk_something/install/talk_something/share/ament_index/resource_index/package_run_dependencies/talk_something
-- Up-to-date: /SDCARD/workspace/talk_something/install/talk_something/share/ament_index/resource_index/parent_prefix_path/talk_something
-- Up-to-date: /SDCARD/workspace/talk_something/install/talk_something/share/talk_something/environment/ament_prefix_path.sh
-- Up-to-date: /SDCARD/workspace/talk_something/install/talk_something/share/talk_something/environment/ament_prefix_path.dsv
-- Up-to-date: /SDCARD/workspace/talk_something/install/talk_something/share/talk_something/environment/path.sh
-- Up-to-date: /SDCARD/workspace/talk_something/install/talk_something/share/talk_something/environment/path.dsv
-- Up-to-date: /SDCARD/workspace/talk_something/install/talk_something/share/talk_something/local_setup.bash
-- Up-to-date: /SDCARD/workspace/talk_something/install/talk_something/share/talk_something/local_setup.sh
-- Up-to-date: /SDCARD/workspace/talk_something/install/talk_something/share/talk_something/local_setup.zsh
-- Up-to-date: /SDCARD/workspace/talk_something/install/talk_something/share/talk_something/local_setup.dsv
-- Installing: /SDCARD/workspace/talk_something/install/talk_something/share/talk_something/package.dsv
-- Up-to-date: /SDCARD/workspace/talk_something/install/talk_something/share/ament_index/resource_index/packages/talk_something
-- Up-to-date: /SDCARD/workspace/talk_something/install/talk_something/share/talk_something/cmake/ament_cmake_export_include_directories-extras.cmake
-- Up-to-date: /SDCARD/workspace/talk_something/install/talk_something/share/talk_something/cmake/ament_cmake_export_dependencies-extras.cmake
-- Up-to-date: /SDCARD/workspace/talk_something/install/talk_something/share/talk_something/cmake/talk_somethingConfig.cmake
-- Up-to-date: /SDCARD/workspace/talk_something/install/talk_something/share/talk_something/cmake/talk_somethingConfig-version.cmake
-- Up-to-date: /SDCARD/workspace/talk_something/install/talk_something/share/talk_something/package.xml
