[0.139s] Invoking command in '/SDCARD/workspace/talk_something/build/talk_something': /usr/local/bin/cmake --build /SDCARD/workspace/talk_something/build/talk_something -- -j6 -l6
[0.234s] [35m[1mConsolidate compiler generated dependencies of target talks_node[0m
[0.297s] [ 50%] [32mBuilding CXX object CMakeFiles/talks_node.dir/src/talkers.cpp.o[0m
[10.577s] [01m[K/SDCARD/workspace/talk_something/src/talkers.cpp:[m[K In member function ‘[01m[Kvoid talkersNode::talk_topic(bool, std::__cxx11::string)[m[K’:
[10.578s] [01m[K/SDCARD/workspace/talk_something/src/talkers.cpp:24:26:[m[K [01;35m[Kwarning: [m[Kunused parameter ‘[01m[Konline[m[K’ [[01;35m[K-Wunused-parameter[m[K]
[10.579s]      void talk_topic(bool [01;35m[Konline[m[K,std::__cxx11::string strs)
[10.579s]                           [01;35m[K^~~~~~[m[K
[27.939s] [100%] [32m[1mLinking CXX executable talks_node[0m
[29.930s] [100%] Built target talks_node
[29.950s] Invoked command in '/SDCARD/workspace/talk_something/build/talk_something' returned '0': /usr/local/bin/cmake --build /SDCARD/workspace/talk_something/build/talk_something -- -j6 -l6
[30.065s] Invoking command in '/SDCARD/workspace/talk_something/build/talk_something': /usr/local/bin/cmake --install /SDCARD/workspace/talk_something/build/talk_something
[30.075s] -- Install configuration: ""
[30.076s] -- Installing: /SDCARD/workspace/talk_something/install/talk_something/lib/talk_something/talks_node
[30.101s] -- Set runtime path of "/SDCARD/workspace/talk_something/install/talk_something/lib/talk_something/talks_node" to ""
[30.102s] -- Up-to-date: /SDCARD/workspace/talk_something/install/talk_something/share/ament_index/resource_index/package_run_dependencies/talk_something
[30.102s] -- Up-to-date: /SDCARD/workspace/talk_something/install/talk_something/share/ament_index/resource_index/parent_prefix_path/talk_something
[30.103s] -- Up-to-date: /SDCARD/workspace/talk_something/install/talk_something/share/talk_something/environment/ament_prefix_path.sh
[30.104s] -- Up-to-date: /SDCARD/workspace/talk_something/install/talk_something/share/talk_something/environment/ament_prefix_path.dsv
[30.107s] -- Up-to-date: /SDCARD/workspace/talk_something/install/talk_something/share/talk_something/environment/path.sh
[30.109s] -- Up-to-date: /SDCARD/workspace/talk_something/install/talk_something/share/talk_something/environment/path.dsv
[30.110s] -- Up-to-date: /SDCARD/workspace/talk_something/install/talk_something/share/talk_something/local_setup.bash
[30.110s] -- Up-to-date: /SDCARD/workspace/talk_something/install/talk_something/share/talk_something/local_setup.sh
[30.120s] -- Up-to-date: /SDCARD/workspace/talk_something/install/talk_something/share/talk_something/local_setup.zsh
[30.123s] -- Up-to-date: /SDCARD/workspace/talk_something/install/talk_something/share/talk_something/local_setup.dsv
[30.129s] -- Installing: /SDCARD/workspace/talk_something/install/talk_something/share/talk_something/package.dsv
[30.134s] -- Up-to-date: /SDCARD/workspace/talk_something/install/talk_something/share/ament_index/resource_index/packages/talk_something
[30.138s] -- Up-to-date: /SDCARD/workspace/talk_something/install/talk_something/share/talk_something/cmake/ament_cmake_export_include_directories-extras.cmake
[30.140s] -- Up-to-date: /SDCARD/workspace/talk_something/install/talk_something/share/talk_something/cmake/ament_cmake_export_dependencies-extras.cmake
[30.140s] -- Up-to-date: /SDCARD/workspace/talk_something/install/talk_something/share/talk_something/cmake/talk_somethingConfig.cmake
[30.142s] -- Up-to-date: /SDCARD/workspace/talk_something/install/talk_something/share/talk_something/cmake/talk_somethingConfig-version.cmake
[30.143s] -- Up-to-date: /SDCARD/workspace/talk_something/install/talk_something/share/talk_something/package.xml
[30.144s] Invoked command in '/SDCARD/workspace/talk_something/build/talk_something' returned '0': /usr/local/bin/cmake --install /SDCARD/workspace/talk_something/build/talk_something
