[0.125s] Invoking command in '/SDCARD/workspace/talk_something/build/talk_something': /usr/local/bin/cmake --build /SDCARD/workspace/talk_something/build/talk_something -- -j6 -l6
[0.265s] [35m[1mConsolidate compiler generated dependencies of target talks_node[0m
[0.347s] [ 50%] [32mBuilding CXX object CMakeFiles/talks_node.dir/src/talkers.cpp.o[0m
[23.980s] [100%] [32m[1mLinking CXX executable talks_node[0m
[25.493s] [100%] Built target talks_node
[25.514s] Invoked command in '/SDCARD/workspace/talk_something/build/talk_something' returned '0': /usr/local/bin/cmake --build /SDCARD/workspace/talk_something/build/talk_something -- -j6 -l6
[25.643s] Invoking command in '/SDCARD/workspace/talk_something/build/talk_something': /usr/local/bin/cmake --install /SDCARD/workspace/talk_something/build/talk_something
[25.651s] -- Install configuration: ""
[25.652s] -- Installing: /SDCARD/workspace/talk_something/install/talk_something/lib/talk_something/talks_node
[25.672s] -- Set runtime path of "/SDCARD/workspace/talk_something/install/talk_something/lib/talk_something/talks_node" to ""
[25.672s] -- Up-to-date: /SDCARD/workspace/talk_something/install/talk_something/share/ament_index/resource_index/package_run_dependencies/talk_something
[25.681s] -- Up-to-date: /SDCARD/workspace/talk_something/install/talk_something/share/ament_index/resource_index/parent_prefix_path/talk_something
[25.686s] -- Up-to-date: /SDCARD/workspace/talk_something/install/talk_something/share/talk_something/environment/ament_prefix_path.sh
[25.687s] -- Up-to-date: /SDCARD/workspace/talk_something/install/talk_something/share/talk_something/environment/ament_prefix_path.dsv
[25.687s] -- Up-to-date: /SDCARD/workspace/talk_something/install/talk_something/share/talk_something/environment/path.sh
[25.688s] -- Up-to-date: /SDCARD/workspace/talk_something/install/talk_something/share/talk_something/environment/path.dsv
[25.689s] -- Up-to-date: /SDCARD/workspace/talk_something/install/talk_something/share/talk_something/local_setup.bash
[25.690s] -- Up-to-date: /SDCARD/workspace/talk_something/install/talk_something/share/talk_something/local_setup.sh
[25.691s] -- Up-to-date: /SDCARD/workspace/talk_something/install/talk_something/share/talk_something/local_setup.zsh
[25.691s] -- Up-to-date: /SDCARD/workspace/talk_something/install/talk_something/share/talk_something/local_setup.dsv
[25.692s] -- Installing: /SDCARD/workspace/talk_something/install/talk_something/share/talk_something/package.dsv
[25.693s] -- Up-to-date: /SDCARD/workspace/talk_something/install/talk_something/share/ament_index/resource_index/packages/talk_something
[25.693s] -- Up-to-date: /SDCARD/workspace/talk_something/install/talk_something/share/talk_something/cmake/ament_cmake_export_include_directories-extras.cmake
[25.694s] -- Up-to-date: /SDCARD/workspace/talk_something/install/talk_something/share/talk_something/cmake/ament_cmake_export_dependencies-extras.cmake
[25.695s] -- Up-to-date: /SDCARD/workspace/talk_something/install/talk_something/share/talk_something/cmake/talk_somethingConfig.cmake
[25.695s] -- Up-to-date: /SDCARD/workspace/talk_something/install/talk_something/share/talk_something/cmake/talk_somethingConfig-version.cmake
[25.696s] -- Up-to-date: /SDCARD/workspace/talk_something/install/talk_something/share/talk_something/package.xml
[25.697s] Invoked command in '/SDCARD/workspace/talk_something/build/talk_something' returned '0': /usr/local/bin/cmake --install /SDCARD/workspace/talk_something/build/talk_something
