[0.146s] Invoking command in '/SDCARD/workspace/skin_manager/build/skin_manager': /usr/local/bin/cmake --build /SDCARD/workspace/skin_manager/build/skin_manager -- -j6 -l6
[0.285s] [ 50%] [32m[1mLinking CXX shared library libskin_manager.so[0m
[2.482s] [100%] Built target skin_manager
[2.503s] Invoked command in '/SDCARD/workspace/skin_manager/build/skin_manager' returned '0': /usr/local/bin/cmake --build /SDCARD/workspace/skin_manager/build/skin_manager -- -j6 -l6
[2.609s] Invoking command in '/SDCARD/workspace/skin_manager/build/skin_manager': /usr/local/bin/cmake --install /SDCARD/workspace/skin_manager/build/skin_manager
[2.619s] -- Install configuration: ""
[2.623s] -- Installing: /SDCARD/workspace/skin_manager/install/skin_manager/include
[2.624s] -- Installing: /SDCARD/workspace/skin_manager/install/skin_manager/include/skin_manager
[2.624s] -- Installing: /SDCARD/workspace/skin_manager/install/skin_manager/include/skin_manager/skin_manager.hpp
[2.625s] -- Installing: /SDCARD/workspace/skin_manager/install/skin_manager/lib/libskin_manager.so
[2.651s] -- Set runtime path of "/SDCARD/workspace/skin_manager/install/skin_manager/lib/libskin_manager.so" to ""
[2.653s] -- Up-to-date: /SDCARD/workspace/skin_manager/install/skin_manager/include/
[2.653s] -- Up-to-date: /SDCARD/workspace/skin_manager/install/skin_manager/include//skin_manager
[2.655s] -- Up-to-date: /SDCARD/workspace/skin_manager/install/skin_manager/include//skin_manager/skin_manager.hpp
[2.657s] -- Installing: /SDCARD/workspace/skin_manager/install/skin_manager/share/skin_manager/config/
[2.658s] -- Installing: /SDCARD/workspace/skin_manager/install/skin_manager/share/skin_manager/config//elec_skin.toml
[2.658s] -- Installing: /SDCARD/workspace/skin_manager/install/skin_manager/share/skin_manager/environment/library_path.sh
[2.659s] -- Installing: /SDCARD/workspace/skin_manager/install/skin_manager/share/skin_manager/environment/library_path.dsv
[2.662s] -- Installing: /SDCARD/workspace/skin_manager/install/skin_manager/share/ament_index/resource_index/package_run_dependencies/skin_manager
[2.663s] -- Installing: /SDCARD/workspace/skin_manager/install/skin_manager/share/ament_index/resource_index/parent_prefix_path/skin_manager
[2.664s] -- Installing: /SDCARD/workspace/skin_manager/install/skin_manager/share/skin_manager/environment/ament_prefix_path.sh
[2.664s] -- Installing: /SDCARD/workspace/skin_manager/install/skin_manager/share/skin_manager/environment/ament_prefix_path.dsv
[2.666s] -- Installing: /SDCARD/workspace/skin_manager/install/skin_manager/share/skin_manager/environment/path.sh
[2.667s] -- Installing: /SDCARD/workspace/skin_manager/install/skin_manager/share/skin_manager/environment/path.dsv
[2.669s] -- Installing: /SDCARD/workspace/skin_manager/install/skin_manager/share/skin_manager/local_setup.bash
[2.670s] -- Installing: /SDCARD/workspace/skin_manager/install/skin_manager/share/skin_manager/local_setup.sh
[2.671s] -- Installing: /SDCARD/workspace/skin_manager/install/skin_manager/share/skin_manager/local_setup.zsh
[2.671s] -- Installing: /SDCARD/workspace/skin_manager/install/skin_manager/share/skin_manager/local_setup.dsv
[2.673s] -- Installing: /SDCARD/workspace/skin_manager/install/skin_manager/share/skin_manager/package.dsv
[2.679s] -- Installing: /SDCARD/workspace/skin_manager/install/skin_manager/share/ament_index/resource_index/packages/skin_manager
[2.682s] -- Installing: /SDCARD/workspace/skin_manager/install/skin_manager/share/skin_manager/cmake/ament_cmake_export_libraries-extras.cmake
[2.688s] -- Installing: /SDCARD/workspace/skin_manager/install/skin_manager/share/skin_manager/cmake/ament_cmake_export_dependencies-extras.cmake
[2.693s] -- Installing: /SDCARD/workspace/skin_manager/install/skin_manager/share/skin_manager/cmake/skin_managerConfig.cmake
[2.694s] -- Installing: /SDCARD/workspace/skin_manager/install/skin_manager/share/skin_manager/cmake/skin_managerConfig-version.cmake
[2.698s] -- Installing: /SDCARD/workspace/skin_manager/install/skin_manager/share/skin_manager/package.xml
[2.699s] Invoked command in '/SDCARD/workspace/skin_manager/build/skin_manager' returned '0': /usr/local/bin/cmake --install /SDCARD/workspace/skin_manager/build/skin_manager
