[0.125s] Invoking command in '/SDCARD/workspace/talk_something/build/talk_something': /usr/local/bin/cmake --build /SDCARD/workspace/talk_something/build/talk_something -- -j6 -l6
[0.254s] [35m[1mConsolidate compiler generated dependencies of target talks_node[0m
[0.327s] [ 50%] [32mBuilding CXX object CMakeFiles/talks_node.dir/src/talkers.cpp.o[0m
[23.620s] [100%] [32m[1mLinking CXX executable talks_node[0m
[25.147s] [100%] Built target talks_node
[25.167s] Invoked command in '/SDCARD/workspace/talk_something/build/talk_something' returned '0': /usr/local/bin/cmake --build /SDCARD/workspace/talk_something/build/talk_something -- -j6 -l6
[25.285s] Invoking command in '/SDCARD/workspace/talk_something/build/talk_something': /usr/local/bin/cmake --install /SDCARD/workspace/talk_something/build/talk_something
[25.298s] -- Install configuration: ""
[25.299s] -- Installing: /SDCARD/workspace/talk_something/install/talk_something/lib/talk_something/talks_node
[25.323s] -- Set runtime path of "/SDCARD/workspace/talk_something/install/talk_something/lib/talk_something/talks_node" to ""
[25.323s] -- Up-to-date: /SDCARD/workspace/talk_something/install/talk_something/share/ament_index/resource_index/package_run_dependencies/talk_something
[25.329s] -- Up-to-date: /SDCARD/workspace/talk_something/install/talk_something/share/ament_index/resource_index/parent_prefix_path/talk_something
[25.333s] -- Up-to-date: /SDCARD/workspace/talk_something/install/talk_something/share/talk_something/environment/ament_prefix_path.sh
[25.336s] -- Up-to-date: /SDCARD/workspace/talk_something/install/talk_something/share/talk_something/environment/ament_prefix_path.dsv
[25.337s] -- Up-to-date: /SDCARD/workspace/talk_something/install/talk_something/share/talk_something/environment/path.sh
[25.337s] -- Up-to-date: /SDCARD/workspace/talk_something/install/talk_something/share/talk_something/environment/path.dsv
[25.338s] -- Up-to-date: /SDCARD/workspace/talk_something/install/talk_something/share/talk_something/local_setup.bash
[25.339s] -- Up-to-date: /SDCARD/workspace/talk_something/install/talk_something/share/talk_something/local_setup.sh
[25.340s] -- Up-to-date: /SDCARD/workspace/talk_something/install/talk_something/share/talk_something/local_setup.zsh
[25.341s] -- Up-to-date: /SDCARD/workspace/talk_something/install/talk_something/share/talk_something/local_setup.dsv
[25.356s] -- Installing: /SDCARD/workspace/talk_something/install/talk_something/share/talk_something/package.dsv
[25.357s] -- Up-to-date: /SDCARD/workspace/talk_something/install/talk_something/share/ament_index/resource_index/packages/talk_something
[25.358s] -- Up-to-date: /SDCARD/workspace/talk_something/install/talk_something/share/talk_something/cmake/ament_cmake_export_include_directories-extras.cmake
[25.359s] -- Up-to-date: /SDCARD/workspace/talk_something/install/talk_something/share/talk_something/cmake/ament_cmake_export_dependencies-extras.cmake
[25.359s] -- Up-to-date: /SDCARD/workspace/talk_something/install/talk_something/share/talk_something/cmake/talk_somethingConfig.cmake
[25.360s] -- Up-to-date: /SDCARD/workspace/talk_something/install/talk_something/share/talk_something/cmake/talk_somethingConfig-version.cmake
[25.361s] -- Up-to-date: /SDCARD/workspace/talk_something/install/talk_something/share/talk_something/package.xml
[25.362s] Invoked command in '/SDCARD/workspace/talk_something/build/talk_something' returned '0': /usr/local/bin/cmake --install /SDCARD/workspace/talk_something/build/talk_something
