[1.881s] DEBUG:colcon:Command line arguments: ['/usr/bin/colcon', 'build', '--packages-select', 'talk_something']
[1.882s] DEBUG:colcon:Parsed command line arguments: Namespace(allow_overriding=[], ament_cmake_args=None, base_paths=['.'], build_base='build', catkin_cmake_args=None, catkin_skip_building_tests=False, cmake_args=None, cmake_clean_cache=False, cmake_clean_first=False, cmake_force_configure=False, cmake_target=None, cmake_target_skip_unavailable=False, continue_on_error=False, event_handlers=None, executor='parallel', ignore_user_meta=False, install_base='install', log_base=None, log_level=None, main=<bound method BuildVerb.main of <colcon_core.verb.build.BuildVerb object at 0x7fac65b908>>, merge_install=False, metas=['./colcon.meta'], packages_above=None, packages_above_and_dependencies=None, packages_above_depth=None, packages_end=None, packages_ignore=None, packages_ignore_regex=None, packages_select=['talk_something'], packages_select_build_failed=False, packages_select_by_dep=None, packages_select_regex=None, packages_select_test_failures=False, packages_skip=None, packages_skip_build_finished=False, packages_skip_by_dep=None, packages_skip_regex=None, packages_skip_test_passed=False, packages_skip_up_to=None, packages_start=None, packages_up_to=None, packages_up_to_regex=None, parallel_workers=6, paths=None, symlink_install=False, test_result_base=None, verb_extension=<colcon_core.verb.build.BuildVerb object at 0x7fac65b908>, verb_name='build', verb_parser=<colcon_defaults.argument_parser.defaults.DefaultArgumentsDecorator object at 0x7fac5ad2e8>)
[1.906s] Level 1:colcon.colcon_core.package_discovery:discover_packages(colcon_meta) check parameters
[1.907s] Level 1:colcon.colcon_core.package_discovery:discover_packages(recursive) check parameters
[1.907s] Level 1:colcon.colcon_core.package_discovery:discover_packages(ignore) check parameters
[1.908s] Level 1:colcon.colcon_core.package_discovery:discover_packages(path) check parameters
[1.908s] Level 1:colcon.colcon_core.package_discovery:discover_packages(colcon_meta) discover
[1.910s] Level 1:colcon.colcon_core.package_discovery:discover_packages(recursive) discover
[1.910s] INFO:colcon.colcon_core.package_discovery:Crawling recursively for packages in '/SDCARD/workspace/talk_something'
[1.910s] Level 1:colcon.colcon_core.package_identification:_identify(.) by extensions ['ignore', 'ignore_ament_install']
[1.911s] Level 1:colcon.colcon_core.package_identification:_identify(.) by extension 'ignore'
[1.911s] Level 1:colcon.colcon_core.package_identification:_identify(.) by extension 'ignore_ament_install'
[1.911s] Level 1:colcon.colcon_core.package_identification:_identify(.) by extensions ['colcon_pkg']
[1.912s] Level 1:colcon.colcon_core.package_identification:_identify(.) by extension 'colcon_pkg'
[1.912s] Level 1:colcon.colcon_core.package_identification:_identify(.) by extensions ['colcon_meta']
[1.912s] Level 1:colcon.colcon_core.package_identification:_identify(.) by extension 'colcon_meta'
[1.912s] Level 1:colcon.colcon_core.package_identification:_identify(.) by extensions ['ros']
[1.913s] Level 1:colcon.colcon_core.package_identification:_identify(.) by extension 'ros'
[2.340s] DEBUG:colcon.colcon_core.package_identification:Package '.' with type 'ros.ament_cmake' and name 'talk_something'
[2.340s] Level 1:colcon.colcon_core.package_discovery:discover_packages(recursive) using defaults
[2.342s] Level 1:colcon.colcon_core.package_discovery:discover_packages(ignore) discover
[2.342s] Level 1:colcon.colcon_core.package_discovery:discover_packages(ignore) using defaults
[2.342s] Level 1:colcon.colcon_core.package_discovery:discover_packages(path) discover
[2.342s] Level 1:colcon.colcon_core.package_discovery:discover_packages(path) using defaults
[2.449s] Level 5:colcon.colcon_core.verb:set package 'talk_something' build argument 'cmake_args' from command line to 'None'
[2.450s] Level 5:colcon.colcon_core.verb:set package 'talk_something' build argument 'cmake_target' from command line to 'None'
[2.450s] Level 5:colcon.colcon_core.verb:set package 'talk_something' build argument 'cmake_target_skip_unavailable' from command line to 'False'
[2.450s] Level 5:colcon.colcon_core.verb:set package 'talk_something' build argument 'cmake_clean_cache' from command line to 'False'
[2.450s] Level 5:colcon.colcon_core.verb:set package 'talk_something' build argument 'cmake_clean_first' from command line to 'False'
[2.451s] Level 5:colcon.colcon_core.verb:set package 'talk_something' build argument 'cmake_force_configure' from command line to 'False'
[2.451s] Level 5:colcon.colcon_core.verb:set package 'talk_something' build argument 'ament_cmake_args' from command line to 'None'
[2.451s] Level 5:colcon.colcon_core.verb:set package 'talk_something' build argument 'catkin_cmake_args' from command line to 'None'
[2.451s] Level 5:colcon.colcon_core.verb:set package 'talk_something' build argument 'catkin_skip_building_tests' from command line to 'False'
[2.451s] DEBUG:colcon.colcon_core.verb:Building package 'talk_something' with the following arguments: {'ament_cmake_args': None, 'build_base': '/SDCARD/workspace/talk_something/build/talk_something', 'catkin_cmake_args': None, 'catkin_skip_building_tests': False, 'cmake_args': None, 'cmake_clean_cache': False, 'cmake_clean_first': False, 'cmake_force_configure': False, 'cmake_target': None, 'cmake_target_skip_unavailable': False, 'install_base': '/SDCARD/workspace/talk_something/install/talk_something', 'merge_install': False, 'path': '/SDCARD/workspace/talk_something', 'symlink_install': False, 'test_result_base': None}
[2.517s] INFO:colcon.colcon_core.executor:Executing jobs using 'parallel' executor
[2.533s] DEBUG:colcon.colcon_parallel_executor.executor.parallel:run_until_complete
[2.535s] INFO:colcon.colcon_ros.task.ament_cmake.build:Building ROS package in '/SDCARD/workspace/talk_something' with build type 'ament_cmake'
[2.535s] INFO:colcon.colcon_cmake.task.cmake.build:Building CMake package in '/SDCARD/workspace/talk_something'
[2.552s] INFO:colcon.colcon_core.plugin_system:Skipping extension 'colcon_core.shell.bat': Not used on non-Windows systems
[2.553s] INFO:colcon.colcon_core.shell:Skip shell extension 'powershell' for command environment: Not usable outside of PowerShell
[2.554s] DEBUG:colcon.colcon_core.shell:Skip shell extension 'dsv' for command environment
[2.648s] DEBUG:colcon.colcon_core.event_handler.log_command:Invoking command in '/SDCARD/workspace/talk_something/build/talk_something': /usr/local/bin/cmake /SDCARD/workspace/talk_something -DCMAKE_INSTALL_PREFIX=/SDCARD/workspace/talk_something/install/talk_something
[9.966s] DEBUG:colcon.colcon_core.event_handler.log_command:Invoked command in '/SDCARD/workspace/talk_something/build/talk_something' returned '1': /usr/local/bin/cmake /SDCARD/workspace/talk_something -DCMAKE_INSTALL_PREFIX=/SDCARD/workspace/talk_something/install/talk_something
[9.999s] Level 1:colcon.colcon_core.environment:create_environment_scripts_only(talk_something)
[10.027s] Level 1:colcon.colcon_core.environment:checking '/SDCARD/workspace/talk_something/install/talk_something' for CMake module files
[10.032s] Level 1:colcon.colcon_core.environment:checking '/SDCARD/workspace/talk_something/install/talk_something' for CMake config files
[10.037s] Level 1:colcon.colcon_core.environment:checking '/SDCARD/workspace/talk_something/install/talk_something/bin'
[10.039s] Level 1:colcon.colcon_core.environment:checking '/SDCARD/workspace/talk_something/install/talk_something/lib/pkgconfig/talk_something.pc'
[10.040s] Level 1:colcon.colcon_core.environment:checking '/SDCARD/workspace/talk_something/install/talk_something/lib/python3.6/site-packages'
[10.045s] INFO:colcon.colcon_core.shell:Creating package script '/SDCARD/workspace/talk_something/install/talk_something/share/talk_something/package.ps1'
[10.051s] INFO:colcon.colcon_core.shell:Creating package descriptor '/SDCARD/workspace/talk_something/install/talk_something/share/talk_something/package.dsv'
[10.054s] INFO:colcon.colcon_core.shell:Creating package script '/SDCARD/workspace/talk_something/install/talk_something/share/talk_something/package.sh'
[10.058s] INFO:colcon.colcon_core.shell:Creating package script '/SDCARD/workspace/talk_something/install/talk_something/share/talk_something/package.bash'
[10.063s] INFO:colcon.colcon_core.shell:Creating package script '/SDCARD/workspace/talk_something/install/talk_something/share/talk_something/package.zsh'
[10.067s] Level 1:colcon.colcon_core.environment:create_file_with_runtime_dependencies(/SDCARD/workspace/talk_something/install/talk_something/share/colcon-core/packages/talk_something)
[10.083s] DEBUG:colcon.colcon_parallel_executor.executor.parallel:closing loop
[10.085s] DEBUG:colcon.colcon_parallel_executor.executor.parallel:loop closed
[10.085s] DEBUG:colcon.colcon_parallel_executor.executor.parallel:run_until_complete finished with '1'
[10.085s] DEBUG:colcon.colcon_core.event_reactor:joining thread
[10.124s] INFO:colcon.colcon_core.plugin_system:Skipping extension 'colcon_notification.desktop_notification.terminal_notifier': Not used on non-Darwin systems
[10.125s] INFO:colcon.colcon_core.plugin_system:Skipping extension 'colcon_notification.desktop_notification.win32': Not used on non-Windows systems
[10.125s] INFO:colcon.colcon_notification.desktop_notification:Sending desktop notification using 'notify2'
[10.195s] DEBUG:colcon.colcon_core.event_reactor:joined thread
[10.199s] INFO:colcon.colcon_core.shell:Creating prefix script '/SDCARD/workspace/talk_something/install/local_setup.ps1'
[10.205s] INFO:colcon.colcon_core.shell:Creating prefix util module '/SDCARD/workspace/talk_something/install/_local_setup_util_ps1.py'
[10.213s] INFO:colcon.colcon_core.shell:Creating prefix chain script '/SDCARD/workspace/talk_something/install/setup.ps1'
[10.222s] INFO:colcon.colcon_core.shell:Creating prefix script '/SDCARD/workspace/talk_something/install/local_setup.sh'
[10.226s] INFO:colcon.colcon_core.shell:Creating prefix util module '/SDCARD/workspace/talk_something/install/_local_setup_util_sh.py'
[10.230s] INFO:colcon.colcon_core.shell:Creating prefix chain script '/SDCARD/workspace/talk_something/install/setup.sh'
[10.238s] INFO:colcon.colcon_core.shell:Creating prefix script '/SDCARD/workspace/talk_something/install/local_setup.bash'
[10.250s] INFO:colcon.colcon_core.shell:Creating prefix chain script '/SDCARD/workspace/talk_something/install/setup.bash'
[10.257s] INFO:colcon.colcon_core.shell:Creating prefix script '/SDCARD/workspace/talk_something/install/local_setup.zsh'
[10.260s] INFO:colcon.colcon_core.shell:Creating prefix chain script '/SDCARD/workspace/talk_something/install/setup.zsh'
