[0.131s] Invoking command in '/SDCARD/workspace/talk_something/build/talk_something': /usr/local/bin/cmake --build /SDCARD/workspace/talk_something/build/talk_something -- -j6 -l6
[0.240s] [35m[1mConsolidate compiler generated dependencies of target talks_node[0m
[0.310s] [ 50%] [32mBuilding CXX object CMakeFiles/talks_node.dir/src/talkers.cpp.o[0m
[10.835s] In file included from [01m[K/opt/ros2/galactic/include/rclcpp/client.hpp:40:0[m[K,
[10.837s]                  from [01m[K/opt/ros2/galactic/include/rclcpp/callback_group.hpp:23[m[K,
[10.838s]                  from [01m[K/opt/ros2/galactic/include/rclcpp/any_executable.hpp:20[m[K,
[10.838s]                  from [01m[K/opt/ros2/galactic/include/rclcpp/memory_strategy.hpp:25[m[K,
[10.839s]                  from [01m[K/opt/ros2/galactic/include/rclcpp/memory_strategies.hpp:18[m[K,
[10.839s]                  from [01m[K/opt/ros2/galactic/include/rclcpp/executor_options.hpp:20[m[K,
[10.840s]                  from [01m[K/opt/ros2/galactic/include/rclcpp/executor.hpp:36[m[K,
[10.840s]                  from [01m[K/opt/ros2/galactic/include/rclcpp/executors/multi_threaded_executor.hpp:26[m[K,
[10.840s]                  from [01m[K/opt/ros2/galactic/include/rclcpp/executors.hpp:21[m[K,
[10.841s]                  from [01m[K/opt/ros2/galactic/include/rclcpp/rclcpp.hpp:156[m[K,
[10.841s]                  from [01m[K/SDCARD/workspace/talk_something/src/talkers.cpp:5[m[K:
[10.842s] [01m[K/SDCARD/workspace/talk_something/src/talkers.cpp:[m[K In member function ‘[01m[Kvoid talkersNode::timer_callback()[m[K’:
[10.842s] [01m[K/SDCARD/workspace/talk_something/src/talkers.cpp:48:83:[m[K [01;31m[Kerror: [m[K‘[01m[Kstd::shared_ptr<rclcpp::Context> rclcpp::ClientBase::context_[m[K’ is protected within this context
[10.843s]          RCLCPP_WARN(this->get_logger(), "audio client %d,---%s---",audio_client_->[01;31m[Kc[m[Kontext_);
[10.843s]                                                                                    [01;31m[K^[m[K
[10.844s] In file included from [01m[K/opt/ros2/galactic/include/rclcpp/callback_group.hpp:23:0[m[K,
[10.844s]                  from [01m[K/opt/ros2/galactic/include/rclcpp/any_executable.hpp:20[m[K,
[10.845s]                  from [01m[K/opt/ros2/galactic/include/rclcpp/memory_strategy.hpp:25[m[K,
[10.845s]                  from [01m[K/opt/ros2/galactic/include/rclcpp/memory_strategies.hpp:18[m[K,
[10.845s]                  from [01m[K/opt/ros2/galactic/include/rclcpp/executor_options.hpp:20[m[K,
[10.846s]                  from [01m[K/opt/ros2/galactic/include/rclcpp/executor.hpp:36[m[K,
[10.846s]                  from [01m[K/opt/ros2/galactic/include/rclcpp/executors/multi_threaded_executor.hpp:26[m[K,
[10.847s]                  from [01m[K/opt/ros2/galactic/include/rclcpp/executors.hpp:21[m[K,
[10.847s]                  from [01m[K/opt/ros2/galactic/include/rclcpp/rclcpp.hpp:156[m[K,
[10.848s]                  from [01m[K/SDCARD/workspace/talk_something/src/talkers.cpp:5[m[K:
[10.848s] [01m[K/opt/ros2/galactic/include/rclcpp/client.hpp:170:36:[m[K [01;36m[Knote: [m[Kdeclared protected here
[10.848s]    std::shared_ptr<rclcpp::Context> [01;36m[Kcontext_[m[K;
[10.850s]                                     [01;36m[K^~~~~~~~[m[K
[17.670s] CMakeFiles/talks_node.dir/build.make:75: recipe for target 'CMakeFiles/talks_node.dir/src/talkers.cpp.o' failed
[17.671s] make[2]: *** [CMakeFiles/talks_node.dir/src/talkers.cpp.o] Error 1
[17.672s] CMakeFiles/Makefile2:136: recipe for target 'CMakeFiles/talks_node.dir/all' failed
[17.673s] make[1]: *** [CMakeFiles/talks_node.dir/all] Error 2
[17.673s] make: *** [all] Error 2
[17.674s] Makefile:145: recipe for target 'all' failed
[17.687s] Invoked command in '/SDCARD/workspace/talk_something/build/talk_something' returned '2': /usr/local/bin/cmake --build /SDCARD/workspace/talk_something/build/talk_something -- -j6 -l6
