[0.128s] Invoking command in '/SDCARD/workspace/skin_manager/build/skin_manager': /usr/local/bin/cmake /SDCARD/workspace/skin_manager -DCMAKE_INSTALL_PREFIX=/SDCARD/workspace/skin_manager/install/skin_manager
[0.481s] -- The C compiler identification is GNU 7.5.0
[0.815s] -- The CXX compiler identification is GNU 7.5.0
[0.871s] -- Detecting C compiler ABI info
[1.136s] -- Detecting C compiler ABI info - done
[1.195s] -- Check for working C compiler: /usr/bin/cc - skipped
[1.206s] -- Detecting C compile features
[1.207s] -- Detecting C compile features - done
[1.222s] -- Detecting CXX compiler ABI info
[1.486s] -- Detecting CXX compiler ABI info - done
[1.551s] -- Check for working CXX compiler: /usr/bin/c++ - skipped
[1.552s] -- Detecting CXX compile features
[1.555s] -- Detecting CXX compile features - done
[1.576s] -- Found ament_cmake: 1.1.4 (/opt/ros2/galactic/share/ament_cmake/cmake)
[1.736s] -- Found PythonInterp: /usr/bin/python3 (found suitable version "3.6.9", minimum required is "3") 
[1.737s] -- Using PYTHON_EXECUTABLE: /usr/bin/python3
[2.340s] -- Found rclcpp: 9.1.0 (/opt/ros2/galactic/share/rclcpp/cmake)
[2.558s] -- Using all available rosidl_typesupport_c: rosidl_typesupport_fastrtps_c;rosidl_typesupport_introspection_c
[2.595s] -- Found rosidl_adapter: 2.2.1 (/opt/ros2/galactic/share/rosidl_adapter/cmake)
[2.945s] -- Found OpenSSL: /usr/lib/aarch64-linux-gnu/libcrypto.so (found version "1.1.1")  
[3.019s] -- Found FastRTPS: /opt/ros2/galactic/include  
[3.286s] -- Using all available rosidl_typesupport_cpp: rosidl_typesupport_fastrtps_cpp;rosidl_typesupport_introspection_cpp
[3.523s] -- Found rmw_implementation_cmake: 3.3.1 (/opt/ros2/galactic/share/rmw_implementation_cmake/cmake)
[3.537s] -- Found rmw_cyclonedds_cpp: 0.22.3 (/opt/ros2/galactic/share/rmw_cyclonedds_cpp/cmake)
[3.605s] -- Using RMW implementation 'rmw_cyclonedds_cpp' as default
[3.614s] -- Looking for pthread.h
[3.863s] -- Looking for pthread.h - found
[3.865s] -- Performing Test CMAKE_HAVE_LIBC_PTHREAD
[4.224s] -- Performing Test CMAKE_HAVE_LIBC_PTHREAD - Failed
[4.231s] -- Looking for pthread_create in pthreads
[4.448s] -- Looking for pthread_create in pthreads - not found
[4.450s] -- Looking for pthread_create in pthread
[4.731s] -- Looking for pthread_create in pthread - found
[4.740s] -- Found Threads: TRUE  
[5.348s] -- Found toml: 0.0.0 (/opt/ros2/cyberdog/share/toml/cmake)
[5.356s] -- Found protocol: 1.0.0 (/opt/ros2/cyberdog/share/protocol/cmake)
[6.748s] -- Found cyberdog_common: 0.0.0 (/opt/ros2/cyberdog/share/cyberdog_common/cmake)
[6.853s] -- Found elec_skin: 0.0.0 (/opt/ros2/cyberdog/share/elec_skin/cmake)
[6.869s] -- Found ament_lint_auto: 0.10.6 (/opt/ros2/galactic/share/ament_lint_auto/cmake)
[7.619s] -- Added test 'copyright' to check source files copyright and LICENSE
[7.637s] -- Added test 'cppcheck' to perform static code analysis on C / C++ code
[7.638s] -- Configured cppcheck include dirs: /SDCARD/workspace/skin_manager/include
[7.638s] -- Configured cppcheck exclude dirs and/or files: 
[7.654s] -- Added test 'cpplint' to check C / C++ code against the Google style
[7.655s] -- Configured cpplint exclude dirs and/or files: 
[7.670s] -- Added test 'lint_cmake' to check CMake code style
[7.689s] -- Added test 'uncrustify' to check C / C++ code style
[7.690s] -- Configured uncrustify additional arguments: 
[7.694s] -- Added test 'xmllint' to check XML markup files
[7.709s] -- Configuring done
[7.768s] -- Generating done
[7.778s] -- Build files have been written to: /SDCARD/workspace/skin_manager/build/skin_manager
[7.832s] Invoked command in '/SDCARD/workspace/skin_manager/build/skin_manager' returned '0': /usr/local/bin/cmake /SDCARD/workspace/skin_manager -DCMAKE_INSTALL_PREFIX=/SDCARD/workspace/skin_manager/install/skin_manager
[7.845s] Invoking command in '/SDCARD/workspace/skin_manager/build/skin_manager': /usr/local/bin/cmake --build /SDCARD/workspace/skin_manager/build/skin_manager -- -j6 -l6
[7.944s] [ 50%] [32mBuilding CXX object CMakeFiles/skin_manager.dir/src/skin_manager.cpp.o[0m
[58.674s] [100%] [32m[1mLinking CXX shared library libskin_manager.so[0m
[60.084s] /usr/bin/ld: cannot find -lgalaxy-fds-sdk-cpp
[60.086s] collect2: error: ld returned 1 exit status
[60.097s] CMakeFiles/skin_manager.dir/build.make:176: recipe for target 'libskin_manager.so' failed
[60.098s] make[2]: *** [libskin_manager.so] Error 1
[60.100s] CMakeFiles/Makefile2:110: recipe for target 'CMakeFiles/skin_manager.dir/all' failed
[60.119s] Makefile:145: recipe for target 'all' failed
[60.144s] make[1]: *** [CMakeFiles/skin_manager.dir/all] Error 2
[60.145s] make: *** [all] Error 2
[60.146s] Invoked command in '/SDCARD/workspace/skin_manager/build/skin_manager' returned '2': /usr/local/bin/cmake --build /SDCARD/workspace/skin_manager/build/skin_manager -- -j6 -l6
