-- Found ament_cmake: 1.1.4 (/opt/ros2/galactic/share/ament_cmake/cmake)
-- Using PYTHON_EXECUTABLE: /usr/bin/python3
-- Found ament_index_cpp: 1.2.0 (/opt/ros2/galactic/share/ament_index_cpp/cmake)
-- Found rclcpp: 9.1.0 (/opt/ros2/galactic/share/rclcpp/cmake)
-- Using all available rosidl_typesupport_c: rosidl_typesupport_fastrtps_c;rosidl_typesupport_introspection_c
-- Found rosidl_adapter: 2.2.1 (/opt/ros2/galactic/share/rosidl_adapter/cmake)
-- Using all available rosidl_typesupport_cpp: rosidl_typesupport_fastrtps_cpp;rosidl_typesupport_introspection_cpp
-- Found rmw_implementation_cmake: 3.3.1 (/opt/ros2/galactic/share/rmw_implementation_cmake/cmake)
-- Found rmw_cyclonedds_cpp: 0.22.3 (/opt/ros2/galactic/share/rmw_cyclonedds_cpp/cmake)
-- Using RMW implementation 'rmw_cyclonedds_cpp' as default
-- Found rclcpp_components: 9.1.0 (/opt/ros2/galactic/share/rclcpp_components/cmake)
-- Found std_srvs: 2.2.3 (/opt/ros2/galactic/share/std_srvs/cmake)
-- Found protocol: 1.0.0 (/opt/ros2/cyberdog/share/protocol/cmake)
-- Found ament_lint_auto: 0.10.6 (/opt/ros2/galactic/share/ament_lint_auto/cmake)
-- Added test 'copyright' to check source files copyright and LICENSE
-- Added test 'cppcheck' to perform static code analysis on C / C++ code
-- Configured cppcheck include dirs: /SDCARD/workspace/talk_something/include
-- Configured cppcheck exclude dirs and/or files: 
-- Added test 'cpplint' to check C / C++ code against the Google style
-- Configured cpplint exclude dirs and/or files: 
-- Added test 'flake8' to check Python code syntax and style conventions
-- Added test 'lint_cmake' to check CMake code style
-- Added test 'pep257' to check Python code against some of the style conventions in PEP 257
-- Added test 'uncrustify' to check C / C++ code style
-- Configured uncrustify additional arguments: 
-- Added test 'xmllint' to check XML markup files
-- Configuring done
-- Generating done
-- Build files have been written to: /SDCARD/workspace/talk_something/build/talk_something
[ 50%] [32mBuilding CXX object CMakeFiles/talks_node.dir/src/talkers.cpp.o[0m
[100%] [32m[1mLinking CXX executable talks_node[0m
[100%] Built target talks_node
-- Install configuration: ""
-- Installing: /SDCARD/workspace/talk_something/install/talk_something/lib/talk_something/talks_node
-- Set runtime path of "/SDCARD/workspace/talk_something/install/talk_something/lib/talk_something/talks_node" to ""
-- Installing: /SDCARD/workspace/talk_something/install/talk_something/share/ament_index/resource_index/package_run_dependencies/talk_something
-- Installing: /SDCARD/workspace/talk_something/install/talk_something/share/ament_index/resource_index/parent_prefix_path/talk_something
-- Installing: /SDCARD/workspace/talk_something/install/talk_something/share/talk_something/environment/ament_prefix_path.sh
-- Installing: /SDCARD/workspace/talk_something/install/talk_something/share/talk_something/environment/ament_prefix_path.dsv
-- Installing: /SDCARD/workspace/talk_something/install/talk_something/share/talk_something/environment/path.sh
-- Installing: /SDCARD/workspace/talk_something/install/talk_something/share/talk_something/environment/path.dsv
-- Installing: /SDCARD/workspace/talk_something/install/talk_something/share/talk_something/local_setup.bash
-- Installing: /SDCARD/workspace/talk_something/install/talk_something/share/talk_something/local_setup.sh
-- Installing: /SDCARD/workspace/talk_something/install/talk_something/share/talk_something/local_setup.zsh
-- Installing: /SDCARD/workspace/talk_something/install/talk_something/share/talk_something/local_setup.dsv
-- Installing: /SDCARD/workspace/talk_something/install/talk_something/share/talk_something/package.dsv
-- Installing: /SDCARD/workspace/talk_something/install/talk_something/share/ament_index/resource_index/packages/talk_something
-- Installing: /SDCARD/workspace/talk_something/install/talk_something/share/talk_something/cmake/ament_cmake_export_include_directories-extras.cmake
-- Installing: /SDCARD/workspace/talk_something/install/talk_something/share/talk_something/cmake/ament_cmake_export_dependencies-extras.cmake
-- Installing: /SDCARD/workspace/talk_something/install/talk_something/share/talk_something/cmake/talk_somethingConfig.cmake
-- Installing: /SDCARD/workspace/talk_something/install/talk_something/share/talk_something/cmake/talk_somethingConfig-version.cmake
-- Installing: /SDCARD/workspace/talk_something/install/talk_something/share/talk_something/package.xml
