[0.117s] Invoking command in '/SDCARD/workspace/talk_something/build/talk_something': /usr/local/bin/cmake /SDCARD/workspace/talk_something -DCMAKE_INSTALL_PREFIX=/SDCARD/workspace/talk_something/install/talk_something
[0.152s] -- Found ament_cmake: 1.1.4 (/opt/ros2/galactic/share/ament_cmake/cmake)
[0.287s] -- Using PYTHON_EXECUTABLE: /usr/bin/python3
[0.798s] -- Found ament_index_cpp: 1.2.0 (/opt/ros2/galactic/share/ament_index_cpp/cmake)
[0.809s] -- Found rclcpp: 9.1.0 (/opt/ros2/galactic/share/rclcpp/cmake)
[0.932s] -- Using all available rosidl_typesupport_c: rosidl_typesupport_fastrtps_c;rosidl_typesupport_introspection_c
[0.945s] -- Found rosidl_adapter: 2.2.1 (/opt/ros2/galactic/share/rosidl_adapter/cmake)
[1.315s] -- Using all available rosidl_typesupport_cpp: rosidl_typesupport_fastrtps_cpp;rosidl_typesupport_introspection_cpp
[1.513s] -- Found rmw_implementation_cmake: 3.3.1 (/opt/ros2/galactic/share/rmw_implementation_cmake/cmake)
[1.520s] -- Found rmw_cyclonedds_cpp: 0.22.3 (/opt/ros2/galactic/share/rmw_cyclonedds_cpp/cmake)
[1.584s] -- Using RMW implementation 'rmw_cyclonedds_cpp' as default
[2.042s] -- Found rclcpp_components: 9.1.0 (/opt/ros2/galactic/share/rclcpp_components/cmake)
[2.215s] -- Found std_srvs: 2.2.3 (/opt/ros2/galactic/share/std_srvs/cmake)
[2.250s] -- Found protocol: 1.0.0 (/opt/ros2/cyberdog/share/protocol/cmake)
[3.568s] -- Found ament_lint_auto: 0.10.6 (/opt/ros2/galactic/share/ament_lint_auto/cmake)
[4.329s] -- Added test 'copyright' to check source files copyright and LICENSE
[4.354s] -- Added test 'cppcheck' to perform static code analysis on C / C++ code
[4.357s] -- Configured cppcheck include dirs: /SDCARD/workspace/talk_something/include
[4.357s] -- Configured cppcheck exclude dirs and/or files: 
[4.377s] -- Added test 'cpplint' to check C / C++ code against the Google style
[4.379s] -- Configured cpplint exclude dirs and/or files: 
[4.381s] -- Added test 'flake8' to check Python code syntax and style conventions
[4.387s] -- Added test 'lint_cmake' to check CMake code style
[4.394s] -- Added test 'pep257' to check Python code against some of the style conventions in PEP 257
[4.413s] -- Added test 'uncrustify' to check C / C++ code style
[4.414s] -- Configured uncrustify additional arguments: 
[4.417s] -- Added test 'xmllint' to check XML markup files
[4.425s] -- Configuring done
[4.481s] -- Generating done
[4.490s] -- Build files have been written to: /SDCARD/workspace/talk_something/build/talk_something
[4.528s] Invoked command in '/SDCARD/workspace/talk_something/build/talk_something' returned '0': /usr/local/bin/cmake /SDCARD/workspace/talk_something -DCMAKE_INSTALL_PREFIX=/SDCARD/workspace/talk_something/install/talk_something
[4.535s] Invoking command in '/SDCARD/workspace/talk_something/build/talk_something': /usr/local/bin/cmake --build /SDCARD/workspace/talk_something/build/talk_something -- -j6 -l6
[4.650s] [ 50%] [32mBuilding CXX object CMakeFiles/talks_node.dir/src/talkers.cpp.o[0m
[18.648s] [100%] [32m[1mLinking CXX executable talks_node[0m
[20.130s] [100%] Built target talks_node
[20.159s] Invoked command in '/SDCARD/workspace/talk_something/build/talk_something' returned '0': /usr/local/bin/cmake --build /SDCARD/workspace/talk_something/build/talk_something -- -j6 -l6
[20.263s] Invoking command in '/SDCARD/workspace/talk_something/build/talk_something': /usr/local/bin/cmake --install /SDCARD/workspace/talk_something/build/talk_something
[20.288s] -- Install configuration: ""
[20.294s] -- Installing: /SDCARD/workspace/talk_something/install/talk_something/lib/talk_something/talks_node
[20.296s] -- Set runtime path of "/SDCARD/workspace/talk_something/install/talk_something/lib/talk_something/talks_node" to ""
[20.301s] -- Installing: /SDCARD/workspace/talk_something/install/talk_something/share/ament_index/resource_index/package_run_dependencies/talk_something
[20.303s] -- Installing: /SDCARD/workspace/talk_something/install/talk_something/share/ament_index/resource_index/parent_prefix_path/talk_something
[20.312s] -- Installing: /SDCARD/workspace/talk_something/install/talk_something/share/talk_something/environment/ament_prefix_path.sh
[20.314s] -- Installing: /SDCARD/workspace/talk_something/install/talk_something/share/talk_something/environment/ament_prefix_path.dsv
[20.316s] -- Installing: /SDCARD/workspace/talk_something/install/talk_something/share/talk_something/environment/path.sh
[20.326s] -- Installing: /SDCARD/workspace/talk_something/install/talk_something/share/talk_something/environment/path.dsv
[20.327s] -- Installing: /SDCARD/workspace/talk_something/install/talk_something/share/talk_something/local_setup.bash
[20.341s] -- Installing: /SDCARD/workspace/talk_something/install/talk_something/share/talk_something/local_setup.sh
[20.343s] -- Installing: /SDCARD/workspace/talk_something/install/talk_something/share/talk_something/local_setup.zsh
[20.345s] -- Installing: /SDCARD/workspace/talk_something/install/talk_something/share/talk_something/local_setup.dsv
[20.347s] -- Installing: /SDCARD/workspace/talk_something/install/talk_something/share/talk_something/package.dsv
[20.352s] -- Installing: /SDCARD/workspace/talk_something/install/talk_something/share/ament_index/resource_index/packages/talk_something
[20.357s] -- Installing: /SDCARD/workspace/talk_something/install/talk_something/share/talk_something/cmake/ament_cmake_export_include_directories-extras.cmake
[20.360s] -- Installing: /SDCARD/workspace/talk_something/install/talk_something/share/talk_something/cmake/ament_cmake_export_dependencies-extras.cmake
[20.362s] -- Installing: /SDCARD/workspace/talk_something/install/talk_something/share/talk_something/cmake/talk_somethingConfig.cmake
[20.362s] -- Installing: /SDCARD/workspace/talk_something/install/talk_something/share/talk_something/cmake/talk_somethingConfig-version.cmake
[20.363s] -- Installing: /SDCARD/workspace/talk_something/install/talk_something/share/talk_something/package.xml
[20.364s] Invoked command in '/SDCARD/workspace/talk_something/build/talk_something' returned '0': /usr/local/bin/cmake --install /SDCARD/workspace/talk_something/build/talk_something
