[0.125s] Invoking command in '/SDCARD/workspace/talk_something/build/talk_something': /usr/local/bin/cmake --build /SDCARD/workspace/talk_something/build/talk_something -- -j6 -l6
[0.214s] [35m[1mConsolidate compiler generated dependencies of target talks_node[0m
[0.275s] [ 50%] [32mBuilding CXX object CMakeFiles/talks_node.dir/src/talkers.cpp.o[0m
[15.229s] [100%] [32m[1mLinking CXX executable talks_node[0m
[16.517s] [100%] Built target talks_node
[16.537s] Invoked command in '/SDCARD/workspace/talk_something/build/talk_something' returned '0': /usr/local/bin/cmake --build /SDCARD/workspace/talk_something/build/talk_something -- -j6 -l6
[16.651s] Invoking command in '/SDCARD/workspace/talk_something/build/talk_something': /usr/local/bin/cmake --install /SDCARD/workspace/talk_something/build/talk_something
[16.660s] -- Install configuration: ""
[16.661s] -- Installing: /SDCARD/workspace/talk_something/install/talk_something/lib/talk_something/talks_node
[16.672s] -- Set runtime path of "/SDCARD/workspace/talk_something/install/talk_something/lib/talk_something/talks_node" to ""
[16.672s] -- Up-to-date: /SDCARD/workspace/talk_something/install/talk_something/share/ament_index/resource_index/package_run_dependencies/talk_something
[16.676s] -- Up-to-date: /SDCARD/workspace/talk_something/install/talk_something/share/ament_index/resource_index/parent_prefix_path/talk_something
[16.677s] -- Up-to-date: /SDCARD/workspace/talk_something/install/talk_something/share/talk_something/environment/ament_prefix_path.sh
[16.691s] -- Up-to-date: /SDCARD/workspace/talk_something/install/talk_something/share/talk_something/environment/ament_prefix_path.dsv
[16.692s] -- Up-to-date: /SDCARD/workspace/talk_something/install/talk_something/share/talk_something/environment/path.sh
[16.693s] -- Up-to-date: /SDCARD/workspace/talk_something/install/talk_something/share/talk_something/environment/path.dsv
[16.693s] -- Up-to-date: /SDCARD/workspace/talk_something/install/talk_something/share/talk_something/local_setup.bash
[16.694s] -- Up-to-date: /SDCARD/workspace/talk_something/install/talk_something/share/talk_something/local_setup.sh
[16.694s] -- Up-to-date: /SDCARD/workspace/talk_something/install/talk_something/share/talk_something/local_setup.zsh
[16.695s] -- Up-to-date: /SDCARD/workspace/talk_something/install/talk_something/share/talk_something/local_setup.dsv
[16.695s] -- Installing: /SDCARD/workspace/talk_something/install/talk_something/share/talk_something/package.dsv
[16.696s] -- Up-to-date: /SDCARD/workspace/talk_something/install/talk_something/share/ament_index/resource_index/packages/talk_something
[16.696s] -- Up-to-date: /SDCARD/workspace/talk_something/install/talk_something/share/talk_something/cmake/ament_cmake_export_include_directories-extras.cmake
[16.696s] -- Up-to-date: /SDCARD/workspace/talk_something/install/talk_something/share/talk_something/cmake/ament_cmake_export_dependencies-extras.cmake
[16.697s] -- Up-to-date: /SDCARD/workspace/talk_something/install/talk_something/share/talk_something/cmake/talk_somethingConfig.cmake
[16.697s] -- Up-to-date: /SDCARD/workspace/talk_something/install/talk_something/share/talk_something/cmake/talk_somethingConfig-version.cmake
[16.698s] -- Up-to-date: /SDCARD/workspace/talk_something/install/talk_something/share/talk_something/package.xml
[16.699s] Invoked command in '/SDCARD/workspace/talk_something/build/talk_something' returned '0': /usr/local/bin/cmake --install /SDCARD/workspace/talk_something/build/talk_something
