[0.125s] Invoking command in '/SDCARD/workspace/talk_something/build/talk_something': /usr/local/bin/cmake --build /SDCARD/workspace/talk_something/build/talk_something -- -j6 -l6
[0.236s] [35m[1mConsolidate compiler generated dependencies of target talks_node[0m
[0.298s] [ 50%] [32mBuilding CXX object CMakeFiles/talks_node.dir/src/talkers.cpp.o[0m
[10.091s] [01m[K/SDCARD/workspace/talk_something/src/talkers.cpp:[m[K In constructor ‘[01m[KtalkersNode::talkersNode(std::__cxx11::string)[m[K’:
[10.092s] [01m[K/SDCARD/workspace/talk_something/src/talkers.cpp:26:90:[m[K [01;31m[Kerror: [m[Kno matching function for call to ‘[01m[KtalkersNode::create_wall_timer(int, std::_Bind_helper<false, void (talkersNode::*)(), talkersNode*>::type)[m[K’
[10.092s]          timer_ =this->create_wall_timer(100,std::bind(&talkersNode::timer_callback, this)[01;31m[K)[m[K;
[10.093s]                                                                                           [01;31m[K^[m[K
[10.093s] In file included from [01m[K/opt/ros2/galactic/include/rclcpp/executors/single_threaded_executor.hpp:28:0[m[K,
[10.095s]                  from [01m[K/opt/ros2/galactic/include/rclcpp/executors.hpp:22[m[K,
[10.095s]                  from [01m[K/opt/ros2/galactic/include/rclcpp/rclcpp.hpp:156[m[K,
[10.096s]                  from [01m[K/SDCARD/workspace/talk_something/src/talkers.cpp:5[m[K:
[10.096s] [01m[K/opt/ros2/galactic/include/rclcpp/node.hpp:237:3:[m[K [01;36m[Knote: [m[Kcandidate: template<class DurationRepT, class DurationT, class CallbackT> typename rclcpp::WallTimer<CallbackT>::SharedPtr rclcpp::Node::create_wall_timer(std::chrono::duration<_Rep1, _Period1>, CallbackT, rclcpp::CallbackGroup::SharedPtr)
[10.096s]    [01;36m[Kcreate_wall_timer[m[K(
[10.097s]    [01;36m[K^~~~~~~~~~~~~~~~~[m[K
[10.097s] [01m[K/opt/ros2/galactic/include/rclcpp/node.hpp:237:3:[m[K [01;36m[Knote: [m[K  template argument deduction/substitution failed:
[10.098s] [01m[K/SDCARD/workspace/talk_something/src/talkers.cpp:26:90:[m[K [01;36m[Knote: [m[K  mismatched types ‘[01m[Kstd::chrono::duration<_Rep1, _Period1>[m[K’ and ‘[01m[Kint[m[K’
[10.098s]          timer_ =this->create_wall_timer(100,std::bind(&talkersNode::timer_callback, this)[01;36m[K)[m[K;
[10.098s]                                                                                           [01;36m[K^[m[K
[12.354s] make[2]: *** [CMakeFiles/talks_node.dir/src/talkers.cpp.o] Error 1
[12.355s] make[1]: *** [CMakeFiles/talks_node.dir/all] Error 2
[12.356s] make: *** [all] Error 2
[12.357s] CMakeFiles/talks_node.dir/build.make:75: recipe for target 'CMakeFiles/talks_node.dir/src/talkers.cpp.o' failed
[12.357s] CMakeFiles/Makefile2:136: recipe for target 'CMakeFiles/talks_node.dir/all' failed
[12.360s] Makefile:145: recipe for target 'all' failed
[12.365s] Invoked command in '/SDCARD/workspace/talk_something/build/talk_something' returned '2': /usr/local/bin/cmake --build /SDCARD/workspace/talk_something/build/talk_something -- -j6 -l6
