[1.682s] DEBUG:colcon:Command line arguments: ['/usr/bin/colcon', 'build', '--merge-install', '--allow-overriding', 'audio_demos']
[1.683s] DEBUG:colcon:Parsed command line arguments: Namespace(allow_overriding=['audio_demos'], ament_cmake_args=None, base_paths=['.'], build_base='build', catkin_cmake_args=None, catkin_skip_building_tests=False, cmake_args=None, cmake_clean_cache=False, cmake_clean_first=False, cmake_force_configure=False, cmake_target=None, cmake_target_skip_unavailable=False, continue_on_error=False, event_handlers=None, executor='parallel', ignore_user_meta=False, install_base='install', log_base=None, log_level=None, main=<bound method BuildVerb.main of <colcon_core.verb.build.BuildVerb object at 0x7fabfd3e48>>, merge_install=True, metas=['./colcon.meta'], packages_above=None, packages_above_and_dependencies=None, packages_above_depth=None, packages_end=None, packages_ignore=None, packages_ignore_regex=None, packages_select=None, packages_select_build_failed=False, packages_select_by_dep=None, packages_select_regex=None, packages_select_test_failures=False, packages_skip=None, packages_skip_build_finished=False, packages_skip_by_dep=None, packages_skip_regex=None, packages_skip_test_passed=False, packages_skip_up_to=None, packages_start=None, packages_up_to=None, packages_up_to_regex=None, parallel_workers=6, paths=None, symlink_install=False, test_result_base=None, verb_extension=<colcon_core.verb.build.BuildVerb object at 0x7fabfd3e48>, verb_name='build', verb_parser=<colcon_defaults.argument_parser.defaults.DefaultArgumentsDecorator object at 0x7fabf73240>)
[1.712s] Level 1:colcon.colcon_core.package_discovery:discover_packages(colcon_meta) check parameters
[1.713s] Level 1:colcon.colcon_core.package_discovery:discover_packages(recursive) check parameters
[1.713s] Level 1:colcon.colcon_core.package_discovery:discover_packages(ignore) check parameters
[1.713s] Level 1:colcon.colcon_core.package_discovery:discover_packages(path) check parameters
[1.713s] Level 1:colcon.colcon_core.package_discovery:discover_packages(colcon_meta) discover
[1.715s] Level 1:colcon.colcon_core.package_discovery:discover_packages(recursive) discover
[1.715s] INFO:colcon.colcon_core.package_discovery:Crawling recursively for packages in '/SDCARD/workspace/audio_demos'
[1.716s] Level 1:colcon.colcon_core.package_identification:_identify(.) by extensions ['ignore', 'ignore_ament_install']
[1.717s] Level 1:colcon.colcon_core.package_identification:_identify(.) by extension 'ignore'
[1.717s] Level 1:colcon.colcon_core.package_identification:_identify(.) by extension 'ignore_ament_install'
[1.717s] Level 1:colcon.colcon_core.package_identification:_identify(.) by extensions ['colcon_pkg']
[1.717s] Level 1:colcon.colcon_core.package_identification:_identify(.) by extension 'colcon_pkg'
[1.718s] Level 1:colcon.colcon_core.package_identification:_identify(.) by extensions ['colcon_meta']
[1.718s] Level 1:colcon.colcon_core.package_identification:_identify(.) by extension 'colcon_meta'
[1.718s] Level 1:colcon.colcon_core.package_identification:_identify(.) by extensions ['ros']
[1.718s] Level 1:colcon.colcon_core.package_identification:_identify(.) by extension 'ros'
[2.119s] DEBUG:colcon.colcon_core.package_identification:Package '.' with type 'ros.ament_cmake' and name 'audio_demos'
[2.119s] Level 1:colcon.colcon_core.package_discovery:discover_packages(recursive) using defaults
[2.120s] Level 1:colcon.colcon_core.package_discovery:discover_packages(ignore) discover
[2.120s] Level 1:colcon.colcon_core.package_discovery:discover_packages(ignore) using defaults
[2.121s] Level 1:colcon.colcon_core.package_discovery:discover_packages(path) discover
[2.121s] Level 1:colcon.colcon_core.package_discovery:discover_packages(path) using defaults
[2.220s] Level 5:colcon.colcon_core.verb:set package 'audio_demos' build argument 'cmake_args' from command line to 'None'
[2.220s] Level 5:colcon.colcon_core.verb:set package 'audio_demos' build argument 'cmake_target' from command line to 'None'
[2.220s] Level 5:colcon.colcon_core.verb:set package 'audio_demos' build argument 'cmake_target_skip_unavailable' from command line to 'False'
[2.220s] Level 5:colcon.colcon_core.verb:set package 'audio_demos' build argument 'cmake_clean_cache' from command line to 'False'
[2.221s] Level 5:colcon.colcon_core.verb:set package 'audio_demos' build argument 'cmake_clean_first' from command line to 'False'
[2.221s] Level 5:colcon.colcon_core.verb:set package 'audio_demos' build argument 'cmake_force_configure' from command line to 'False'
[2.221s] Level 5:colcon.colcon_core.verb:set package 'audio_demos' build argument 'ament_cmake_args' from command line to 'None'
[2.221s] Level 5:colcon.colcon_core.verb:set package 'audio_demos' build argument 'catkin_cmake_args' from command line to 'None'
[2.221s] Level 5:colcon.colcon_core.verb:set package 'audio_demos' build argument 'catkin_skip_building_tests' from command line to 'False'
[2.222s] DEBUG:colcon.colcon_core.verb:Building package 'audio_demos' with the following arguments: {'ament_cmake_args': None, 'build_base': '/SDCARD/workspace/audio_demos/build/audio_demos', 'catkin_cmake_args': None, 'catkin_skip_building_tests': False, 'cmake_args': None, 'cmake_clean_cache': False, 'cmake_clean_first': False, 'cmake_force_configure': False, 'cmake_target': None, 'cmake_target_skip_unavailable': False, 'install_base': '/SDCARD/workspace/audio_demos/install', 'merge_install': True, 'path': '/SDCARD/workspace/audio_demos', 'symlink_install': False, 'test_result_base': None}
[2.230s] WARNING:colcon.colcon_core.prefix_path.colcon:The path '/SDCARD/workspace/install' in the environment variable COLCON_PREFIX_PATH doesn't exist
[2.233s] WARNING:colcon.colcon_ros.prefix_path.ament:The path '/SDCARD/workspace/audio_demos/install' in the environment variable AMENT_PREFIX_PATH doesn't contain any 'local_setup.*' files.
[2.233s] WARNING:colcon.colcon_ros.prefix_path.ament:The path '/SDCARD/workspace/install' in the environment variable AMENT_PREFIX_PATH doesn't exist
[2.235s] WARNING:colcon.colcon_ros.prefix_path.catkin:The path '/SDCARD/workspace/install' in the environment variable CMAKE_PREFIX_PATH doesn't exist
[2.296s] INFO:colcon.colcon_core.executor:Executing jobs using 'parallel' executor
[2.308s] DEBUG:colcon.colcon_parallel_executor.executor.parallel:run_until_complete
[2.310s] INFO:colcon.colcon_ros.task.ament_cmake.build:Building ROS package in '/SDCARD/workspace/audio_demos' with build type 'ament_cmake'
[2.311s] INFO:colcon.colcon_cmake.task.cmake.build:Building CMake package in '/SDCARD/workspace/audio_demos'
[2.328s] INFO:colcon.colcon_core.plugin_system:Skipping extension 'colcon_core.shell.bat': Not used on non-Windows systems
[2.330s] INFO:colcon.colcon_core.shell:Skip shell extension 'powershell' for command environment: Not usable outside of PowerShell
[2.331s] DEBUG:colcon.colcon_core.shell:Skip shell extension 'dsv' for command environment
[2.442s] DEBUG:colcon.colcon_core.event_handler.log_command:Invoking command in '/SDCARD/workspace/audio_demos/build/audio_demos': /usr/local/bin/cmake --build /SDCARD/workspace/audio_demos/build/audio_demos -- -j6 -l6
[2.842s] DEBUG:colcon.colcon_core.event_handler.log_command:Invoked command in '/SDCARD/workspace/audio_demos/build/audio_demos' returned '0': /usr/local/bin/cmake --build /SDCARD/workspace/audio_demos/build/audio_demos -- -j6 -l6
[2.988s] DEBUG:colcon.colcon_core.event_handler.log_command:Invoking command in '/SDCARD/workspace/audio_demos/build/audio_demos': /usr/local/bin/cmake --install /SDCARD/workspace/audio_demos/build/audio_demos
[3.019s] Level 1:colcon.colcon_core.environment:create_environment_scripts_only(audio_demos)
[3.044s] DEBUG:colcon.colcon_core.event_handler.log_command:Invoked command in '/SDCARD/workspace/audio_demos/build/audio_demos' returned '0': /usr/local/bin/cmake --install /SDCARD/workspace/audio_demos/build/audio_demos
[3.059s] Level 1:colcon.colcon_core.environment:checking '/SDCARD/workspace/audio_demos/install' for CMake module files
[3.062s] Level 1:colcon.colcon_core.environment:checking '/SDCARD/workspace/audio_demos/install' for CMake config files
[3.067s] Level 1:colcon.colcon_core.environment:checking '/SDCARD/workspace/audio_demos/install/bin'
[3.068s] Level 1:colcon.colcon_core.environment:checking '/SDCARD/workspace/audio_demos/install/lib/pkgconfig/audio_demos.pc'
[3.068s] Level 1:colcon.colcon_core.environment:checking '/SDCARD/workspace/audio_demos/install/lib/python3.6/site-packages'
[3.072s] INFO:colcon.colcon_core.shell:Creating package script '/SDCARD/workspace/audio_demos/install/share/audio_demos/package.ps1'
[3.084s] INFO:colcon.colcon_core.shell:Creating package descriptor '/SDCARD/workspace/audio_demos/install/share/audio_demos/package.dsv'
[3.086s] INFO:colcon.colcon_core.shell:Creating package script '/SDCARD/workspace/audio_demos/install/share/audio_demos/package.sh'
[3.090s] INFO:colcon.colcon_core.shell:Creating package script '/SDCARD/workspace/audio_demos/install/share/audio_demos/package.bash'
[3.095s] INFO:colcon.colcon_core.shell:Creating package script '/SDCARD/workspace/audio_demos/install/share/audio_demos/package.zsh'
[3.099s] Level 1:colcon.colcon_core.environment:create_file_with_runtime_dependencies(/SDCARD/workspace/audio_demos/install/share/colcon-core/packages/audio_demos)
[3.215s] Level 1:colcon.colcon_core.environment:create_environment_scripts_only(audio_demos)
[3.224s] Level 1:colcon.colcon_core.environment:checking '/SDCARD/workspace/audio_demos/install' for CMake module files
[3.228s] Level 1:colcon.colcon_core.environment:checking '/SDCARD/workspace/audio_demos/install' for CMake config files
[3.233s] Level 1:colcon.colcon_core.environment:checking '/SDCARD/workspace/audio_demos/install/bin'
[3.233s] Level 1:colcon.colcon_core.environment:checking '/SDCARD/workspace/audio_demos/install/lib/pkgconfig/audio_demos.pc'
[3.234s] Level 1:colcon.colcon_core.environment:checking '/SDCARD/workspace/audio_demos/install/lib/python3.6/site-packages'
[3.237s] INFO:colcon.colcon_core.shell:Creating package script '/SDCARD/workspace/audio_demos/install/share/audio_demos/package.ps1'
[3.241s] INFO:colcon.colcon_core.shell:Creating package descriptor '/SDCARD/workspace/audio_demos/install/share/audio_demos/package.dsv'
[3.243s] INFO:colcon.colcon_core.shell:Creating package script '/SDCARD/workspace/audio_demos/install/share/audio_demos/package.sh'
[3.245s] INFO:colcon.colcon_core.shell:Creating package script '/SDCARD/workspace/audio_demos/install/share/audio_demos/package.bash'
[3.247s] INFO:colcon.colcon_core.shell:Creating package script '/SDCARD/workspace/audio_demos/install/share/audio_demos/package.zsh'
[3.249s] Level 1:colcon.colcon_core.environment:create_file_with_runtime_dependencies(/SDCARD/workspace/audio_demos/install/share/colcon-core/packages/audio_demos)
[3.250s] DEBUG:colcon.colcon_parallel_executor.executor.parallel:closing loop
[3.256s] DEBUG:colcon.colcon_parallel_executor.executor.parallel:loop closed
[3.256s] DEBUG:colcon.colcon_parallel_executor.executor.parallel:run_until_complete finished with '0'
[3.256s] DEBUG:colcon.colcon_core.event_reactor:joining thread
[3.285s] INFO:colcon.colcon_core.plugin_system:Skipping extension 'colcon_notification.desktop_notification.terminal_notifier': Not used on non-Darwin systems
[3.285s] INFO:colcon.colcon_core.plugin_system:Skipping extension 'colcon_notification.desktop_notification.win32': Not used on non-Windows systems
[3.286s] INFO:colcon.colcon_notification.desktop_notification:Sending desktop notification using 'notify2'
[3.343s] DEBUG:colcon.colcon_core.event_reactor:joined thread
[3.347s] INFO:colcon.colcon_core.shell:Creating prefix script '/SDCARD/workspace/audio_demos/install/local_setup.ps1'
[3.352s] INFO:colcon.colcon_core.shell:Creating prefix util module '/SDCARD/workspace/audio_demos/install/_local_setup_util_ps1.py'
[3.361s] INFO:colcon.colcon_core.shell:Creating prefix chain script '/SDCARD/workspace/audio_demos/install/setup.ps1'
[3.368s] INFO:colcon.colcon_core.shell:Creating prefix script '/SDCARD/workspace/audio_demos/install/local_setup.sh'
[3.371s] INFO:colcon.colcon_core.shell:Creating prefix util module '/SDCARD/workspace/audio_demos/install/_local_setup_util_sh.py'
[3.373s] INFO:colcon.colcon_core.shell:Creating prefix chain script '/SDCARD/workspace/audio_demos/install/setup.sh'
[3.382s] INFO:colcon.colcon_core.shell:Creating prefix script '/SDCARD/workspace/audio_demos/install/local_setup.bash'
[3.387s] INFO:colcon.colcon_core.shell:Creating prefix chain script '/SDCARD/workspace/audio_demos/install/setup.bash'
[3.393s] INFO:colcon.colcon_core.shell:Creating prefix script '/SDCARD/workspace/audio_demos/install/local_setup.zsh'
[3.395s] INFO:colcon.colcon_core.shell:Creating prefix chain script '/SDCARD/workspace/audio_demos/install/setup.zsh'
